
24860 : 0x32b768ae0185 : 1 : spill_jit_data :  Jit agent is not initialized
24839 : 0x32b768ae3b15 : 2 : ittapi_config_mask_get :  --itt-config mask to be applied: 183
24839 : 0x32b768ae5f2d : 2 : ittapi_config_apply_per_lib :  ITTAPI function instrumented: __itt_domain_create
24839 : 0x32b768ae68e9 : 2 : ittapi_config_apply_per_lib :  ITTAPI function instrumented: __itt_module_load_with_sections
24839 : 0x32b768ae753f : 2 : ittapi_config_apply_per_lib :  ITTAPI function not implemented: __itt_module_unload_with_sections
24839 : 0x32b768ae7de5 : 2 : ittapi_config_apply_per_lib :  ITTAPI function instrumented: __itt_string_handle_create
24839 : 0x32b768ae83bd : 2 : ittapi_config_apply_per_lib :  ITTAPI function instrumented: __itt_counter_create
24839 : 0x32b768ae8809 : 2 : ittapi_config_apply_per_lib :  ITTAPI function instrumented: __itt_counter_create_typed
24839 : 0x32b768ae8d35 : 2 : ittapi_config_apply_per_lib :  ITTAPI function instrumented: __itt_pause
24839 : 0x32b768ae910b : 2 : ittapi_config_apply_per_lib :  ITTAPI function instrumented: __itt_resume
24839 : 0x32b768aef9e7 : 2 : ittapi_config_apply_per_lib :  ITTAPI function not implemented: __itt_pause_scoped
24839 : 0x32b768af02ff : 2 : ittapi_config_apply_per_lib :  ITTAPI function not implemented: __itt_resume_scoped
24839 : 0x32b768af07d3 : 2 : ittapi_config_apply_per_lib :  ITTAPI function instrumented: __itt_thread_set_name
24839 : 0x32b768af0c0f : 2 : ittapi_config_apply_per_lib :  ITTAPI function instrumented: __itt_thread_ignore
24839 : 0x32b768af101d : 2 : ittapi_config_apply_per_lib :  ITTAPI function instrumented: __itt_thr_name_set
24839 : 0x32b768af150d : 2 : ittapi_config_apply_per_lib :  ITTAPI function instrumented: __itt_thr_ignore
24839 : 0x32b768af191b : 2 : ittapi_config_apply_per_lib :  ITTAPI function instrumented: __itt_histogram_create
24839 : 0x32b768af1ce9 : 2 : ittapi_config_apply_per_lib :  ITTAPI function instrumented: __itt_counter_create_v3
24839 : 0x32b768af20f5 : 2 : ittapi_config_apply_per_lib :  ITTAPI function instrumented: __itt_bind_context_metadata_to_counter
24839 : 0x32b768af26e7 : 2 : ittapi_config_apply_per_lib :  ITTAPI function not implemented: __itt_enable_attach
24839 : 0x32b768af43cf : 2 : ittapi_config_apply_per_lib :  ITTAPI function instrumented: __itt_detach
24839 : 0x32b768af486d : 2 : ittapi_config_apply_per_lib :  ITTAPI function NOT instrumented (not matched by --itt-config option): __itt_sync_create

24839 : 0x32b768af4c53 : 2 : ittapi_config_apply_per_lib :  ITTAPI function NOT instrumented (not matched by --itt-config option): __itt_sync_rename

24839 : 0x32b768af4f23 : 2 : ittapi_config_apply_per_lib :  ITTAPI function NOT instrumented (not matched by --itt-config option): __itt_sync_destroy

24839 : 0x32b768af51f7 : 2 : ittapi_config_apply_per_lib :  ITTAPI function NOT instrumented (not matched by --itt-config option): __itt_sync_prepare

24839 : 0x32b768af5463 : 2 : ittapi_config_apply_per_lib :  ITTAPI function NOT instrumented (not matched by --itt-config option): __itt_sync_cancel

24839 : 0x32b768af574d : 2 : ittapi_config_apply_per_lib :  ITTAPI function NOT instrumented (not matched by --itt-config option): __itt_sync_acquired

24839 : 0x32b768af5a17 : 2 : ittapi_config_apply_per_lib :  ITTAPI function NOT instrumented (not matched by --itt-config option): __itt_sync_releasing

24839 : 0x32b768af602b : 2 : ittapi_config_apply_per_lib :  ITTAPI function not implemented: __itt_suppress_push
24839 : 0x32b768af66dd : 2 : ittapi_config_apply_per_lib :  ITTAPI function not implemented: __itt_suppress_pop
24839 : 0x32b768af8731 : 2 : ittapi_config_apply_per_lib :  ITTAPI function not implemented: __itt_suppress_mark_range
24839 : 0x32b768af8d1b : 2 : ittapi_config_apply_per_lib :  ITTAPI function not implemented: __itt_suppress_clear_range
24839 : 0x32b768af8ff7 : 2 : ittapi_config_apply_per_lib :  ITTAPI function NOT instrumented (not matched by --itt-config option): __itt_sync_prepare

24839 : 0x32b768af92b5 : 2 : ittapi_config_apply_per_lib :  ITTAPI function NOT instrumented (not matched by --itt-config option): __itt_sync_cancel

24839 : 0x32b768af954b : 2 : ittapi_config_apply_per_lib :  ITTAPI function NOT instrumented (not matched by --itt-config option): __itt_sync_acquired

24839 : 0x32b768af97c7 : 2 : ittapi_config_apply_per_lib :  ITTAPI function NOT instrumented (not matched by --itt-config option): __itt_sync_releasing

24839 : 0x32b768af9c6d : 2 : ittapi_config_apply_per_lib :  ITTAPI function instrumented: __itt_model_site_begin
24839 : 0x32b768afa157 : 2 : ittapi_config_apply_per_lib :  ITTAPI function instrumented: __itt_model_site_end
24839 : 0x32b768afa5a1 : 2 : ittapi_config_apply_per_lib :  ITTAPI function instrumented: __itt_model_task_begin
24839 : 0x32b768afa9d5 : 2 : ittapi_config_apply_per_lib :  ITTAPI function instrumented: __itt_model_task_end
24839 : 0x32b768afda8f : 2 : ittapi_config_apply_per_lib :  ITTAPI function instrumented: __itt_model_lock_acquire
24839 : 0x32b768afdf75 : 2 : ittapi_config_apply_per_lib :  ITTAPI function instrumented: __itt_model_lock_release
24839 : 0x32b768afe44b : 2 : ittapi_config_apply_per_lib :  ITTAPI function not implemented: __itt_model_record_allocation
24839 : 0x32b768afe959 : 2 : ittapi_config_apply_per_lib :  ITTAPI function not implemented: __itt_model_record_deallocation
24839 : 0x32b768afee4b : 2 : ittapi_config_apply_per_lib :  ITTAPI function not implemented: __itt_model_induction_uses
24839 : 0x32b768aff34b : 2 : ittapi_config_apply_per_lib :  ITTAPI function not implemented: __itt_model_reduction_uses
24839 : 0x32b768aff839 : 2 : ittapi_config_apply_per_lib :  ITTAPI function not implemented: __itt_model_observe_uses
24839 : 0x32b768affce1 : 2 : ittapi_config_apply_per_lib :  ITTAPI function not implemented: __itt_model_clear_uses
24839 : 0x32b768b00145 : 2 : ittapi_config_apply_per_lib :  ITTAPI function instrumented: __itt_model_site_beginA
24839 : 0x32b768b00541 : 2 : ittapi_config_apply_per_lib :  ITTAPI function instrumented: __itt_model_site_beginAL
24839 : 0x32b768b01e55 : 2 : ittapi_config_apply_per_lib :  ITTAPI function instrumented: __itt_model_task_beginA
24839 : 0x32b768b0230d : 2 : ittapi_config_apply_per_lib :  ITTAPI function instrumented: __itt_model_task_beginAL
24839 : 0x32b768b02717 : 2 : ittapi_config_apply_per_lib :  ITTAPI function instrumented: __itt_model_iteration_taskA
24839 : 0x32b768b02ac7 : 2 : ittapi_config_apply_per_lib :  ITTAPI function instrumented: __itt_model_iteration_taskAL
24839 : 0x32b768b02ead : 2 : ittapi_config_apply_per_lib :  ITTAPI function instrumented: __itt_model_site_end_2
24839 : 0x32b768b032db : 2 : ittapi_config_apply_per_lib :  ITTAPI function instrumented: __itt_model_task_end_2
24839 : 0x32b768b036e9 : 2 : ittapi_config_apply_per_lib :  ITTAPI function instrumented: __itt_model_lock_acquire_2
24839 : 0x32b768b03b37 : 2 : ittapi_config_apply_per_lib :  ITTAPI function instrumented: __itt_model_lock_release_2
24839 : 0x32b768b03f01 : 2 : ittapi_config_apply_per_lib :  ITTAPI function instrumented: __itt_model_aggregate_task
24839 : 0x32b768b04307 : 2 : ittapi_config_apply_per_lib :  ITTAPI function instrumented: __itt_model_disable_push
24839 : 0x32b768b059c5 : 2 : ittapi_config_apply_per_lib :  ITTAPI function instrumented: __itt_model_disable_pop
24839 : 0x32b768b05e0b : 2 : ittapi_config_apply_per_lib :  ITTAPI function instrumented: __itt_heap_function_create
24839 : 0x32b768b0627d : 2 : ittapi_config_apply_per_lib :  ITTAPI function instrumented: __itt_heap_allocate_begin
24839 : 0x32b768b06697 : 2 : ittapi_config_apply_per_lib :  ITTAPI function instrumented: __itt_heap_allocate_end
24839 : 0x32b768b06a95 : 2 : ittapi_config_apply_per_lib :  ITTAPI function instrumented: __itt_heap_free_begin
24839 : 0x32b768b06e4b : 2 : ittapi_config_apply_per_lib :  ITTAPI function instrumented: __itt_heap_free_end
24839 : 0x32b768b072ff : 2 : ittapi_config_apply_per_lib :  ITTAPI function instrumented: __itt_heap_reallocate_begin
24839 : 0x32b768b076f3 : 2 : ittapi_config_apply_per_lib :  ITTAPI function instrumented: __itt_heap_reallocate_end
24839 : 0x32b768b07ce7 : 2 : ittapi_config_apply_per_lib :  ITTAPI function not implemented: __itt_heap_internal_access_begin
24839 : 0x32b768b08255 : 2 : ittapi_config_apply_per_lib :  ITTAPI function not implemented: __itt_heap_internal_access_end
24839 : 0x32b768b0a6b3 : 2 : ittapi_config_apply_per_lib :  ITTAPI function not implemented: __itt_heap_record_memory_growth_begin
24839 : 0x32b768b0ac97 : 2 : ittapi_config_apply_per_lib :  ITTAPI function not implemented: __itt_heap_record_memory_growth_end
24839 : 0x32b768b0b215 : 2 : ittapi_config_apply_per_lib :  ITTAPI function not implemented: __itt_heap_reset_detection
24839 : 0x32b768b0b945 : 2 : ittapi_config_apply_per_lib :  ITTAPI function not implemented: __itt_heap_record
24839 : 0x32b768b0bec9 : 2 : ittapi_config_apply_per_lib :  ITTAPI function not implemented: __itt_id_create
24839 : 0x32b768b0c3db : 2 : ittapi_config_apply_per_lib :  ITTAPI function not implemented: __itt_id_destroy
24839 : 0x32b768b0c871 : 2 : ittapi_config_apply_per_lib :  ITTAPI function instrumented: __itt_get_timestamp
24839 : 0x32b768b0cd9b : 2 : ittapi_config_apply_per_lib :  ITTAPI function not implemented: __itt_region_begin
24839 : 0x32b768b0d309 : 2 : ittapi_config_apply_per_lib :  ITTAPI function not implemented: __itt_region_end
24839 : 0x32b768b0d831 : 2 : ittapi_config_apply_per_lib :  ITTAPI function instrumented: __itt_frame_begin_v3
24839 : 0x32b768b0f099 : 2 : ittapi_config_apply_per_lib :  ITTAPI function instrumented: __itt_frame_end_v3
24839 : 0x32b768b0f575 : 2 : ittapi_config_apply_per_lib :  ITTAPI function instrumented: __itt_frame_submit_v3
24839 : 0x32b768b0fc9f : 2 : ittapi_config_apply_per_lib :  ITTAPI function not implemented: __itt_task_group
24839 : 0x32b768b10155 : 2 : ittapi_config_apply_per_lib :  ITTAPI function instrumented: __itt_task_begin
24839 : 0x32b768b105d9 : 2 : ittapi_config_apply_per_lib :  ITTAPI function instrumented: __itt_task_begin_fn
24839 : 0x32b768b10981 : 2 : ittapi_config_apply_per_lib :  ITTAPI function instrumented: __itt_task_end
24839 : 0x32b768b10e67 : 2 : ittapi_config_apply_per_lib :  ITTAPI function not implemented: __itt_counter_inc_v3
24839 : 0x32b768b112f5 : 2 : ittapi_config_apply_per_lib :  ITTAPI function not implemented: __itt_counter_inc_delta_v3
24839 : 0x32b768b1173d : 2 : ittapi_config_apply_per_lib :  ITTAPI function not implemented: __itt_counter_dec_v3
24839 : 0x32b768b11bed : 2 : ittapi_config_apply_per_lib :  ITTAPI function not implemented: __itt_counter_dec_delta_v3
24839 : 0x32b768b134b1 : 2 : ittapi_config_apply_per_lib :  ITTAPI function not implemented: __itt_marker
24839 : 0x32b768b1398b : 2 : ittapi_config_apply_per_lib :  ITTAPI function instrumented: __itt_metadata_add
24839 : 0x32b768b13ee9 : 2 : ittapi_config_apply_per_lib :  ITTAPI function not implemented: __itt_metadata_str_add
24839 : 0x32b768b143ad : 2 : ittapi_config_apply_per_lib :  ITTAPI function not implemented: __itt_relation_add_to_current
24839 : 0x32b768b148b5 : 2 : ittapi_config_apply_per_lib :  ITTAPI function not implemented: __itt_relation_add
24839 : 0x32b768b14cbb : 2 : ittapi_config_apply_per_lib :  ITTAPI function instrumented: __itt_event_create
24839 : 0x32b768b1509b : 2 : ittapi_config_apply_per_lib :  ITTAPI function instrumented: __itt_event_start
24839 : 0x32b768b15445 : 2 : ittapi_config_apply_per_lib :  ITTAPI function instrumented: __itt_event_end
24839 : 0x32b768b156fd : 2 : ittapi_config_apply_per_lib :  ITTAPI function NOT instrumented (not matched by --itt-config option): __itt_sync_set_name

24839 : 0x32b768b159d9 : 2 : ittapi_config_apply_per_lib :  ITTAPI function NOT instrumented (not matched by --itt-config option): __itt_notify_sync_name

24839 : 0x32b768b16ff7 : 2 : ittapi_config_apply_per_lib :  ITTAPI function NOT instrumented (not matched by --itt-config option): __itt_notify_sync_prepare

24839 : 0x32b768b17349 : 2 : ittapi_config_apply_per_lib :  ITTAPI function NOT instrumented (not matched by --itt-config option): __itt_notify_sync_cancel

24839 : 0x32b768b175eb : 2 : ittapi_config_apply_per_lib :  ITTAPI function NOT instrumented (not matched by --itt-config option): __itt_notify_sync_acquired

24839 : 0x32b768b17853 : 2 : ittapi_config_apply_per_lib :  ITTAPI function NOT instrumented (not matched by --itt-config option): __itt_notify_sync_releasing

24839 : 0x32b768b17da3 : 2 : ittapi_config_apply_per_lib :  ITTAPI function not implemented: __itt_memory_read
24839 : 0x32b768b182bf : 2 : ittapi_config_apply_per_lib :  ITTAPI function not implemented: __itt_memory_write
24839 : 0x32b768b187c9 : 2 : ittapi_config_apply_per_lib :  ITTAPI function not implemented: __itt_memory_update
24839 : 0x32b768b18c4f : 2 : ittapi_config_apply_per_lib :  ITTAPI function not implemented: __itt_state_get
24839 : 0x32b768b1914b : 2 : ittapi_config_apply_per_lib :  ITTAPI function not implemented: __itt_state_set
24839 : 0x32b768b195c9 : 2 : ittapi_config_apply_per_lib :  ITTAPI function not implemented: __itt_obj_mode_set
24839 : 0x32b768b1b803 : 2 : ittapi_config_apply_per_lib :  ITTAPI function not implemented: __itt_thr_mode_set
24839 : 0x32b768b1bc7f : 2 : ittapi_config_apply_per_lib :  ITTAPI function instrumented: __itt_frame_create
24839 : 0x32b768b1c0a5 : 2 : ittapi_config_apply_per_lib :  ITTAPI function instrumented: __itt_pt_region_create
24839 : 0x32b768b1c4eb : 2 : ittapi_config_apply_per_lib :  ITTAPI function instrumented: __itt_frame_begin
24839 : 0x32b768b1c85f : 2 : ittapi_config_apply_per_lib :  ITTAPI function instrumented: __itt_frame_end
24839 : 0x32b768b1cd55 : 2 : ittapi_config_apply_per_lib :  ITTAPI function not implemented: __itt_counter_destroy
24839 : 0x32b768b1d1b3 : 2 : ittapi_config_apply_per_lib :  ITTAPI function instrumented: __itt_counter_inc
24839 : 0x32b768b1d5c7 : 2 : ittapi_config_apply_per_lib :  ITTAPI function instrumented: __itt_counter_inc_delta
24839 : 0x32b768b1d98d : 2 : ittapi_config_apply_per_lib :  ITTAPI function instrumented: __itt_counter_dec
24839 : 0x32b768b1dd9f : 2 : ittapi_config_apply_per_lib :  ITTAPI function instrumented: __itt_counter_dec_delta
24839 : 0x32b768b1f515 : 2 : ittapi_config_apply_per_lib :  ITTAPI function instrumented: __itt_counter_set_value
24839 : 0x32b768b1f9e9 : 2 : ittapi_config_apply_per_lib :  ITTAPI function not implemented: __itt_counter_set_value_ex
24839 : 0x32b768b1fe8d : 2 : ittapi_config_apply_per_lib :  ITTAPI function not implemented: __itt_mark_create
24839 : 0x32b768b20325 : 2 : ittapi_config_apply_per_lib :  ITTAPI function not implemented: __itt_mark
24839 : 0x32b768b207e5 : 2 : ittapi_config_apply_per_lib :  ITTAPI function not implemented: __itt_mark_off
24839 : 0x32b768b20ca5 : 2 : ittapi_config_apply_per_lib :  ITTAPI function not implemented: __itt_mark_global
24839 : 0x32b768b21149 : 2 : ittapi_config_apply_per_lib :  ITTAPI function not implemented: __itt_mark_global_off
24839 : 0x32b768b215f5 : 2 : ittapi_config_apply_per_lib :  ITTAPI function instrumented: __itt_stack_caller_create
24839 : 0x32b768b219d1 : 2 : ittapi_config_apply_per_lib :  ITTAPI function instrumented: __itt_stack_caller_destroy
24839 : 0x32b768b21dc1 : 2 : ittapi_config_apply_per_lib :  ITTAPI function instrumented: __itt_stack_callee_enter
24839 : 0x32b768b235af : 2 : ittapi_config_apply_per_lib :  ITTAPI function instrumented: __itt_stack_callee_leave
24839 : 0x32b768b23ad9 : 2 : ittapi_config_apply_per_lib :  ITTAPI function not implemented: __itt_clock_domain_create
24839 : 0x32b768b23fe5 : 2 : ittapi_config_apply_per_lib :  ITTAPI function not implemented: __itt_clock_domain_reset
24839 : 0x32b768b244b3 : 2 : ittapi_config_apply_per_lib :  ITTAPI function not implemented: __itt_id_create_ex
24839 : 0x32b768b2495f : 2 : ittapi_config_apply_per_lib :  ITTAPI function not implemented: __itt_id_destroy_ex
24839 : 0x32b768b24e4d : 2 : ittapi_config_apply_per_lib :  ITTAPI function not implemented: __itt_task_begin_ex
24839 : 0x32b768b252b3 : 2 : ittapi_config_apply_per_lib :  ITTAPI function not implemented: __itt_task_begin_fn_ex
24839 : 0x32b768b25773 : 2 : ittapi_config_apply_per_lib :  ITTAPI function not implemented: __itt_task_end_ex
24839 : 0x32b768b25bd7 : 2 : ittapi_config_apply_per_lib :  ITTAPI function instrumented: __itt_task_begin_overlapped
24839 : 0x32b768b26147 : 2 : ittapi_config_apply_per_lib :  ITTAPI function not implemented: __itt_task_begin_overlapped_ex
24839 : 0x32b768b286bd : 2 : ittapi_config_apply_per_lib :  ITTAPI function instrumented: __itt_task_end_overlapped
24839 : 0x32b768b28bff : 2 : ittapi_config_apply_per_lib :  ITTAPI function not implemented: __itt_task_end_overlapped_ex
24839 : 0x32b768b290bb : 2 : ittapi_config_apply_per_lib :  ITTAPI function not implemented: __itt_marker_ex
24839 : 0x32b768b2963d : 2 : ittapi_config_apply_per_lib :  ITTAPI function not implemented: __itt_metadata_add_with_scope
24839 : 0x32b768b29afd : 2 : ittapi_config_apply_per_lib :  ITTAPI function not implemented: __itt_metadata_str_add_with_scope
24839 : 0x32b768b2a037 : 2 : ittapi_config_apply_per_lib :  ITTAPI function not implemented: __itt_relation_add_to_current_ex
24839 : 0x32b768b2a4e9 : 2 : ittapi_config_apply_per_lib :  ITTAPI function not implemented: __itt_relation_add_ex
24839 : 0x32b768b2a9c9 : 2 : ittapi_config_apply_per_lib :  ITTAPI function not implemented: __itt_track_group_create
24839 : 0x32b768b2ae35 : 2 : ittapi_config_apply_per_lib :  ITTAPI function not implemented: __itt_track_create
24839 : 0x32b768b2b2c9 : 2 : ittapi_config_apply_per_lib :  ITTAPI function not implemented: __itt_set_track
24839 : 0x32b768b2ca63 : 2 : ittapi_config_apply_per_lib :  ITTAPI function instrumented: __itt_api_version
24839 : 0x32b768b2cf81 : 2 : ittapi_config_apply_per_lib :  ITTAPI function not implemented: __itt_av_save
24839 : 0x32b768b2d3d1 : 2 : ittapi_config_apply_per_lib :  ITTAPI function instrumented: __itt_module_load
24839 : 0x32b768b2d887 : 2 : ittapi_config_apply_per_lib :  ITTAPI function not implemented: __itt_module_unload
24839 : 0x32b768b2db69 : 2 : ittapi_config_apply_per_lib :  ITTAPI function NOT instrumented (not matched by --itt-config option): __itt_histogram_submit

24839 : 0x32b768b2dfc9 : 2 : ittapi_config_apply_per_lib :  ITTAPI function instrumented: __itt_counter_set_value_v3
24839 : 0x32b768b3fa37 : 2 : ittapi_config_mask_get :  --itt-config mask to be applied: 183
24839 : 0x32b768b400cd : 2 : ittapi_config_apply_per_lib :  ITTAPI function instrumented: __itt_domain_create
24839 : 0x32b768b40553 : 2 : ittapi_config_apply_per_lib :  ITTAPI function instrumented: __itt_module_load_with_sections
24839 : 0x32b768b40b0b : 2 : ittapi_config_apply_per_lib :  ITTAPI function not implemented: __itt_module_unload_with_sections
24839 : 0x32b768b42a3f : 2 : ittapi_config_apply_per_lib :  ITTAPI function instrumented: __itt_string_handle_create
24839 : 0x32b768b42ea7 : 2 : ittapi_config_apply_per_lib :  ITTAPI function instrumented: __itt_counter_create
24839 : 0x32b768b432f1 : 2 : ittapi_config_apply_per_lib :  ITTAPI function instrumented: __itt_counter_create_typed
24839 : 0x32b768b436f5 : 2 : ittapi_config_apply_per_lib :  ITTAPI function instrumented: __itt_pause
24839 : 0x32b768b43aa3 : 2 : ittapi_config_apply_per_lib :  ITTAPI function instrumented: __itt_resume
24839 : 0x32b768b43f53 : 2 : ittapi_config_apply_per_lib :  ITTAPI function not implemented: __itt_pause_scoped
24839 : 0x32b768b44489 : 2 : ittapi_config_apply_per_lib :  ITTAPI function not implemented: __itt_resume_scoped
24839 : 0x32b768b448ed : 2 : ittapi_config_apply_per_lib :  ITTAPI function instrumented: __itt_thread_set_name
24839 : 0x32b768b44c8b : 2 : ittapi_config_apply_per_lib :  ITTAPI function instrumented: __itt_thread_ignore
24839 : 0x32b768b45047 : 2 : ittapi_config_apply_per_lib :  ITTAPI function instrumented: __itt_thr_name_set
24839 : 0x32b768b4680b : 2 : ittapi_config_apply_per_lib :  ITTAPI function instrumented: __itt_thr_ignore
24839 : 0x32b768b46c59 : 2 : ittapi_config_apply_per_lib :  ITTAPI function instrumented: __itt_histogram_create
24839 : 0x32b768b4701f : 2 : ittapi_config_apply_per_lib :  ITTAPI function instrumented: __itt_counter_create_v3
24839 : 0x32b768b47477 : 2 : ittapi_config_apply_per_lib :  ITTAPI function instrumented: __itt_bind_context_metadata_to_counter
24839 : 0x32b768b479e9 : 2 : ittapi_config_apply_per_lib :  ITTAPI function not implemented: __itt_enable_attach
24839 : 0x32b768b47e05 : 2 : ittapi_config_apply_per_lib :  ITTAPI function instrumented: __itt_detach
24839 : 0x32b768b481cf : 2 : ittapi_config_apply_per_lib :  ITTAPI function NOT instrumented (not matched by --itt-config option): __itt_sync_create

24839 : 0x32b768b484a9 : 2 : ittapi_config_apply_per_lib :  ITTAPI function NOT instrumented (not matched by --itt-config option): __itt_sync_rename

24839 : 0x32b768b48741 : 2 : ittapi_config_apply_per_lib :  ITTAPI function NOT instrumented (not matched by --itt-config option): __itt_sync_destroy

24839 : 0x32b768b489f5 : 2 : ittapi_config_apply_per_lib :  ITTAPI function NOT instrumented (not matched by --itt-config option): __itt_sync_prepare

24839 : 0x32b768b4ac67 : 2 : ittapi_config_apply_per_lib :  ITTAPI function NOT instrumented (not matched by --itt-config option): __itt_sync_cancel

24839 : 0x32b768b4afa7 : 2 : ittapi_config_apply_per_lib :  ITTAPI function NOT instrumented (not matched by --itt-config option): __itt_sync_acquired

24839 : 0x32b768b4b255 : 2 : ittapi_config_apply_per_lib :  ITTAPI function NOT instrumented (not matched by --itt-config option): __itt_sync_releasing

24839 : 0x32b768b4b7b7 : 2 : ittapi_config_apply_per_lib :  ITTAPI function not implemented: __itt_suppress_push
24839 : 0x32b768b4bcd7 : 2 : ittapi_config_apply_per_lib :  ITTAPI function not implemented: __itt_suppress_pop
24839 : 0x32b768b4c177 : 2 : ittapi_config_apply_per_lib :  ITTAPI function not implemented: __itt_suppress_mark_range
24839 : 0x32b768b4c689 : 2 : ittapi_config_apply_per_lib :  ITTAPI function not implemented: __itt_suppress_clear_range
24839 : 0x32b768b4c939 : 2 : ittapi_config_apply_per_lib :  ITTAPI function NOT instrumented (not matched by --itt-config option): __itt_sync_prepare

24839 : 0x32b768b4cbff : 2 : ittapi_config_apply_per_lib :  ITTAPI function NOT instrumented (not matched by --itt-config option): __itt_sync_cancel

24839 : 0x32b768b4ce7b : 2 : ittapi_config_apply_per_lib :  ITTAPI function NOT instrumented (not matched by --itt-config option): __itt_sync_acquired

24839 : 0x32b768b4e405 : 2 : ittapi_config_apply_per_lib :  ITTAPI function NOT instrumented (not matched by --itt-config option): __itt_sync_releasing

24839 : 0x32b768b4e8a1 : 2 : ittapi_config_apply_per_lib :  ITTAPI function instrumented: __itt_model_site_begin
24839 : 0x32b768b4ecd3 : 2 : ittapi_config_apply_per_lib :  ITTAPI function instrumented: __itt_model_site_end
24839 : 0x32b768b4f117 : 2 : ittapi_config_apply_per_lib :  ITTAPI function instrumented: __itt_model_task_begin
24839 : 0x32b768b4f529 : 2 : ittapi_config_apply_per_lib :  ITTAPI function instrumented: __itt_model_task_end
24839 : 0x32b768b4f91d : 2 : ittapi_config_apply_per_lib :  ITTAPI function instrumented: __itt_model_lock_acquire
24839 : 0x32b768b4fcd9 : 2 : ittapi_config_apply_per_lib :  ITTAPI function instrumented: __itt_model_lock_release
24839 : 0x32b768b501bd : 2 : ittapi_config_apply_per_lib :  ITTAPI function not implemented: __itt_model_record_allocation
24839 : 0x32b768b506dd : 2 : ittapi_config_apply_per_lib :  ITTAPI function not implemented: __itt_model_record_deallocation
24839 : 0x32b768b50b69 : 2 : ittapi_config_apply_per_lib :  ITTAPI function not implemented: __itt_model_induction_uses
24839 : 0x32b768b528bb : 2 : ittapi_config_apply_per_lib :  ITTAPI function not implemented: __itt_model_reduction_uses
24839 : 0x32b768b52d7b : 2 : ittapi_config_apply_per_lib :  ITTAPI function not implemented: __itt_model_observe_uses
24839 : 0x32b768b531f5 : 2 : ittapi_config_apply_per_lib :  ITTAPI function not implemented: __itt_model_clear_uses
24839 : 0x32b768b536c9 : 2 : ittapi_config_apply_per_lib :  ITTAPI function instrumented: __itt_model_site_beginA
24839 : 0x32b768b53aaf : 2 : ittapi_config_apply_per_lib :  ITTAPI function instrumented: __itt_model_site_beginAL
24839 : 0x32b768b53e8f : 2 : ittapi_config_apply_per_lib :  ITTAPI function instrumented: __itt_model_task_beginA
24839 : 0x32b768b5429f : 2 : ittapi_config_apply_per_lib :  ITTAPI function instrumented: __itt_model_task_beginAL
24839 : 0x32b768b5474d : 2 : ittapi_config_apply_per_lib :  ITTAPI function instrumented: __itt_model_iteration_taskA
24839 : 0x32b768b54b1d : 2 : ittapi_config_apply_per_lib :  ITTAPI function instrumented: __itt_model_iteration_taskAL
24839 : 0x32b768b54edd : 2 : ittapi_config_apply_per_lib :  ITTAPI function instrumented: __itt_model_site_end_2
24839 : 0x32b768b574c3 : 2 : ittapi_config_apply_per_lib :  ITTAPI function instrumented: __itt_model_task_end_2
24839 : 0x32b768b5794f : 2 : ittapi_config_apply_per_lib :  ITTAPI function instrumented: __itt_model_lock_acquire_2
24839 : 0x32b768b57db1 : 2 : ittapi_config_apply_per_lib :  ITTAPI function instrumented: __itt_model_lock_release_2
24839 : 0x32b768b581c5 : 2 : ittapi_config_apply_per_lib :  ITTAPI function instrumented: __itt_model_aggregate_task
24839 : 0x32b768b586b7 : 2 : ittapi_config_apply_per_lib :  ITTAPI function instrumented: __itt_model_disable_push
24839 : 0x32b768b58a93 : 2 : ittapi_config_apply_per_lib :  ITTAPI function instrumented: __itt_model_disable_pop
24839 : 0x32b768b58e35 : 2 : ittapi_config_apply_per_lib :  ITTAPI function instrumented: __itt_heap_function_create
24839 : 0x32b768b591ff : 2 : ittapi_config_apply_per_lib :  ITTAPI function instrumented: __itt_heap_allocate_begin
24839 : 0x32b768b595d5 : 2 : ittapi_config_apply_per_lib :  ITTAPI function instrumented: __itt_heap_allocate_end
24839 : 0x32b768b599e9 : 2 : ittapi_config_apply_per_lib :  ITTAPI function instrumented: __itt_heap_free_begin
24839 : 0x32b768b5b11f : 2 : ittapi_config_apply_per_lib :  ITTAPI function instrumented: __itt_heap_free_end
24839 : 0x32b768b5b5c1 : 2 : ittapi_config_apply_per_lib :  ITTAPI function instrumented: __itt_heap_reallocate_begin
24839 : 0x32b768b5ba71 : 2 : ittapi_config_apply_per_lib :  ITTAPI function instrumented: __itt_heap_reallocate_end
24839 : 0x32b768b5c05f : 2 : ittapi_config_apply_per_lib :  ITTAPI function not implemented: __itt_heap_internal_access_begin
24839 : 0x32b768b5c5a7 : 2 : ittapi_config_apply_per_lib :  ITTAPI function not implemented: __itt_heap_internal_access_end
24839 : 0x32b768b5caa7 : 2 : ittapi_config_apply_per_lib :  ITTAPI function not implemented: __itt_heap_record_memory_growth_begin
24839 : 0x32b768b5cfff : 2 : ittapi_config_apply_per_lib :  ITTAPI function not implemented: __itt_heap_record_memory_growth_end
24839 : 0x32b768b5d4dd : 2 : ittapi_config_apply_per_lib :  ITTAPI function not implemented: __itt_heap_reset_detection
24839 : 0x32b768b5d9c7 : 2 : ittapi_config_apply_per_lib :  ITTAPI function not implemented: __itt_heap_record
24839 : 0x32b768b5de6d : 2 : ittapi_config_apply_per_lib :  ITTAPI function not implemented: __itt_id_create
24839 : 0x32b768b5f695 : 2 : ittapi_config_apply_per_lib :  ITTAPI function not implemented: __itt_id_destroy
24839 : 0x32b768b5fb1f : 2 : ittapi_config_apply_per_lib :  ITTAPI function instrumented: __itt_get_timestamp
24839 : 0x32b768b60027 : 2 : ittapi_config_apply_per_lib :  ITTAPI function not implemented: __itt_region_begin
24839 : 0x32b768b60517 : 2 : ittapi_config_apply_per_lib :  ITTAPI function not implemented: __itt_region_end
24839 : 0x32b768b609d1 : 2 : ittapi_config_apply_per_lib :  ITTAPI function instrumented: __itt_frame_begin_v3
24839 : 0x32b768b60e15 : 2 : ittapi_config_apply_per_lib :  ITTAPI function instrumented: __itt_frame_end_v3
24839 : 0x32b768b6125b : 2 : ittapi_config_apply_per_lib :  ITTAPI function instrumented: __itt_frame_submit_v3
24839 : 0x32b768b6170d : 2 : ittapi_config_apply_per_lib :  ITTAPI function not implemented: __itt_task_group
24839 : 0x32b768b61b1d : 2 : ittapi_config_apply_per_lib :  ITTAPI function instrumented: __itt_task_begin
24839 : 0x32b768b61f41 : 2 : ittapi_config_apply_per_lib :  ITTAPI function instrumented: __itt_task_begin_fn
24839 : 0x32b768b63625 : 2 : ittapi_config_apply_per_lib :  ITTAPI function instrumented: __itt_task_end
24839 : 0x32b768b63b95 : 2 : ittapi_config_apply_per_lib :  ITTAPI function not implemented: __itt_counter_inc_v3
24839 : 0x32b768b640b7 : 2 : ittapi_config_apply_per_lib :  ITTAPI function not implemented: __itt_counter_inc_delta_v3
24839 : 0x32b768b645b9 : 2 : ittapi_config_apply_per_lib :  ITTAPI function not implemented: __itt_counter_dec_v3
24839 : 0x32b768b64ab5 : 2 : ittapi_config_apply_per_lib :  ITTAPI function not implemented: __itt_counter_dec_delta_v3
24839 : 0x32b768b64fc3 : 2 : ittapi_config_apply_per_lib :  ITTAPI function not implemented: __itt_marker
24839 : 0x32b768b653f9 : 2 : ittapi_config_apply_per_lib :  ITTAPI function instrumented: __itt_metadata_add
24839 : 0x32b768b65933 : 2 : ittapi_config_apply_per_lib :  ITTAPI function not implemented: __itt_metadata_str_add
24839 : 0x32b768b65dfb : 2 : ittapi_config_apply_per_lib :  ITTAPI function not implemented: __itt_relation_add_to_current
24839 : 0x32b768b66307 : 2 : ittapi_config_apply_per_lib :  ITTAPI function not implemented: __itt_relation_add
24839 : 0x32b768b6854d : 2 : ittapi_config_apply_per_lib :  ITTAPI function instrumented: __itt_event_create
24839 : 0x32b768b68a0d : 2 : ittapi_config_apply_per_lib :  ITTAPI function instrumented: __itt_event_start
24839 : 0x32b768b68e19 : 2 : ittapi_config_apply_per_lib :  ITTAPI function instrumented: __itt_event_end
24839 : 0x32b768b69125 : 2 : ittapi_config_apply_per_lib :  ITTAPI function NOT instrumented (not matched by --itt-config option): __itt_sync_set_name

24839 : 0x32b768b6945b : 2 : ittapi_config_apply_per_lib :  ITTAPI function NOT instrumented (not matched by --itt-config option): __itt_notify_sync_name

24839 : 0x32b768b69729 : 2 : ittapi_config_apply_per_lib :  ITTAPI function NOT instrumented (not matched by --itt-config option): __itt_notify_sync_prepare

24839 : 0x32b768b699f5 : 2 : ittapi_config_apply_per_lib :  ITTAPI function NOT instrumented (not matched by --itt-config option): __itt_notify_sync_cancel

24839 : 0x32b768b69c9d : 2 : ittapi_config_apply_per_lib :  ITTAPI function NOT instrumented (not matched by --itt-config option): __itt_notify_sync_acquired

24839 : 0x32b768b69f5b : 2 : ittapi_config_apply_per_lib :  ITTAPI function NOT instrumented (not matched by --itt-config option): __itt_notify_sync_releasing

24839 : 0x32b768b6a4bb : 2 : ittapi_config_apply_per_lib :  ITTAPI function not implemented: __itt_memory_read
24839 : 0x32b768b6bd0b : 2 : ittapi_config_apply_per_lib :  ITTAPI function not implemented: __itt_memory_write
24839 : 0x32b768b6c297 : 2 : ittapi_config_apply_per_lib :  ITTAPI function not implemented: __itt_memory_update
24839 : 0x32b768b6c763 : 2 : ittapi_config_apply_per_lib :  ITTAPI function not implemented: __itt_state_get
24839 : 0x32b768b6cc09 : 2 : ittapi_config_apply_per_lib :  ITTAPI function not implemented: __itt_state_set
24839 : 0x32b768b6d0bd : 2 : ittapi_config_apply_per_lib :  ITTAPI function not implemented: __itt_obj_mode_set
24839 : 0x32b768b6d5a5 : 2 : ittapi_config_apply_per_lib :  ITTAPI function not implemented: __itt_thr_mode_set
24839 : 0x32b768b6d991 : 2 : ittapi_config_apply_per_lib :  ITTAPI function instrumented: __itt_frame_create
24839 : 0x32b768b6ddb1 : 2 : ittapi_config_apply_per_lib :  ITTAPI function instrumented: __itt_pt_region_create
24839 : 0x32b768b6e239 : 2 : ittapi_config_apply_per_lib :  ITTAPI function instrumented: __itt_frame_begin
24839 : 0x32b768b6e689 : 2 : ittapi_config_apply_per_lib :  ITTAPI function instrumented: __itt_frame_end
24839 : 0x32b768b6ff41 : 2 : ittapi_config_apply_per_lib :  ITTAPI function not implemented: __itt_counter_destroy
24839 : 0x32b768b70435 : 2 : ittapi_config_apply_per_lib :  ITTAPI function instrumented: __itt_counter_inc
24839 : 0x32b768b708a7 : 2 : ittapi_config_apply_per_lib :  ITTAPI function instrumented: __itt_counter_inc_delta
24839 : 0x32b768b70c5b : 2 : ittapi_config_apply_per_lib :  ITTAPI function instrumented: __itt_counter_dec
24839 : 0x32b768b7106f : 2 : ittapi_config_apply_per_lib :  ITTAPI function instrumented: __itt_counter_dec_delta
24839 : 0x32b768b714b5 : 2 : ittapi_config_apply_per_lib :  ITTAPI function instrumented: __itt_counter_set_value
24839 : 0x32b768b71987 : 2 : ittapi_config_apply_per_lib :  ITTAPI function not implemented: __itt_counter_set_value_ex
24839 : 0x32b768b71e23 : 2 : ittapi_config_apply_per_lib :  ITTAPI function not implemented: __itt_mark_create
24839 : 0x32b768b72317 : 2 : ittapi_config_apply_per_lib :  ITTAPI function not implemented: __itt_mark
24839 : 0x32b768b72817 : 2 : ittapi_config_apply_per_lib :  ITTAPI function not implemented: __itt_mark_off
24839 : 0x32b768b74a61 : 2 : ittapi_config_apply_per_lib :  ITTAPI function not implemented: __itt_mark_global
24839 : 0x32b768b75003 : 2 : ittapi_config_apply_per_lib :  ITTAPI function not implemented: __itt_mark_global_off
24839 : 0x32b768b75517 : 2 : ittapi_config_apply_per_lib :  ITTAPI function instrumented: __itt_stack_caller_create
24839 : 0x32b768b75955 : 2 : ittapi_config_apply_per_lib :  ITTAPI function instrumented: __itt_stack_caller_destroy
24839 : 0x32b768b75d85 : 2 : ittapi_config_apply_per_lib :  ITTAPI function instrumented: __itt_stack_callee_enter
24839 : 0x32b768b7614f : 2 : ittapi_config_apply_per_lib :  ITTAPI function instrumented: __itt_stack_callee_leave
24839 : 0x32b768b765d3 : 2 : ittapi_config_apply_per_lib :  ITTAPI function not implemented: __itt_clock_domain_create
24839 : 0x32b768b76af9 : 2 : ittapi_config_apply_per_lib :  ITTAPI function not implemented: __itt_clock_domain_reset
24839 : 0x32b768b76f9d : 2 : ittapi_config_apply_per_lib :  ITTAPI function not implemented: __itt_id_create_ex
24839 : 0x32b768b774af : 2 : ittapi_config_apply_per_lib :  ITTAPI function not implemented: __itt_id_destroy_ex
24839 : 0x32b768b78cf5 : 2 : ittapi_config_apply_per_lib :  ITTAPI function not implemented: __itt_task_begin_ex
24839 : 0x32b768b79283 : 2 : ittapi_config_apply_per_lib :  ITTAPI function not implemented: __itt_task_begin_fn_ex
24839 : 0x32b768b797ad : 2 : ittapi_config_apply_per_lib :  ITTAPI function not implemented: __itt_task_end_ex
24839 : 0x32b768b79c9d : 2 : ittapi_config_apply_per_lib :  ITTAPI function instrumented: __itt_task_begin_overlapped
24839 : 0x32b768b7a2a3 : 2 : ittapi_config_apply_per_lib :  ITTAPI function not implemented: __itt_task_begin_overlapped_ex
24839 : 0x32b768b7a737 : 2 : ittapi_config_apply_per_lib :  ITTAPI function instrumented: __itt_task_end_overlapped
24839 : 0x32b768b7ac19 : 2 : ittapi_config_apply_per_lib :  ITTAPI function not implemented: __itt_task_end_overlapped_ex
24839 : 0x32b768b7b0e7 : 2 : ittapi_config_apply_per_lib :  ITTAPI function not implemented: __itt_marker_ex
24839 : 0x32b768b7b5cb : 2 : ittapi_config_apply_per_lib :  ITTAPI function not implemented: __itt_metadata_add_with_scope
24839 : 0x32b768b7bad5 : 2 : ittapi_config_apply_per_lib :  ITTAPI function not implemented: __itt_metadata_str_add_with_scope
24839 : 0x32b768b7d349 : 2 : ittapi_config_apply_per_lib :  ITTAPI function not implemented: __itt_relation_add_to_current_ex
24839 : 0x32b768b7d877 : 2 : ittapi_config_apply_per_lib :  ITTAPI function not implemented: __itt_relation_add_ex
24839 : 0x32b768b7dd23 : 2 : ittapi_config_apply_per_lib :  ITTAPI function not implemented: __itt_track_group_create
24839 : 0x32b768b7e18b : 2 : ittapi_config_apply_per_lib :  ITTAPI function not implemented: __itt_track_create
24839 : 0x32b768b7e5fd : 2 : ittapi_config_apply_per_lib :  ITTAPI function not implemented: __itt_set_track
24839 : 0x32b768b7ea3d : 2 : ittapi_config_apply_per_lib :  ITTAPI function instrumented: __itt_api_version
24839 : 0x32b768b7eeb9 : 2 : ittapi_config_apply_per_lib :  ITTAPI function not implemented: __itt_av_save
24839 : 0x32b768b7f2df : 2 : ittapi_config_apply_per_lib :  ITTAPI function instrumented: __itt_module_load
24839 : 0x32b768b7f783 : 2 : ittapi_config_apply_per_lib :  ITTAPI function not implemented: __itt_module_unload
24839 : 0x32b768b7fa55 : 2 : ittapi_config_apply_per_lib :  ITTAPI function NOT instrumented (not matched by --itt-config option): __itt_histogram_submit

24839 : 0x32b768b8144b : 2 : ittapi_config_apply_per_lib :  ITTAPI function instrumented: __itt_counter_set_value_v3
24839 : 0x32b76ceff1c7 : 2 : ittapi_config_mask_get :  --itt-config mask to be applied: 183
24839 : 0x32b76cf00cd5 : 2 : ittapi_config_apply_per_lib :  ITTAPI function instrumented: __itt_domain_create
24839 : 0x32b76cf014f1 : 2 : ittapi_config_apply_per_lib :  ITTAPI function instrumented: __itt_module_load_with_sections
24839 : 0x32b76cf02403 : 2 : ittapi_config_apply_per_lib :  ITTAPI function not implemented: __itt_module_unload_with_sections
24839 : 0x32b76cf02acd : 2 : ittapi_config_apply_per_lib :  ITTAPI function instrumented: __itt_string_handle_create
24839 : 0x32b76cf0309f : 2 : ittapi_config_apply_per_lib :  ITTAPI function instrumented: __itt_counter_create
24839 : 0x32b76cf03585 : 2 : ittapi_config_apply_per_lib :  ITTAPI function instrumented: __itt_counter_create_typed
24839 : 0x32b76cf039f7 : 2 : ittapi_config_apply_per_lib :  ITTAPI function instrumented: __itt_pause
24839 : 0x32b76cf03fc7 : 2 : ittapi_config_apply_per_lib :  ITTAPI function instrumented: __itt_resume
24839 : 0x32b76cf0d0ff : 2 : ittapi_config_apply_per_lib :  ITTAPI function instrumented: __itt_thread_set_name
24839 : 0x32b76cf0d6e7 : 2 : ittapi_config_apply_per_lib :  ITTAPI function instrumented: __itt_thread_ignore
24839 : 0x32b76cf0dc9b : 2 : ittapi_config_apply_per_lib :  ITTAPI function instrumented: __itt_thr_name_set
24839 : 0x32b76cf0e0b9 : 2 : ittapi_config_apply_per_lib :  ITTAPI function instrumented: __itt_thr_ignore
24839 : 0x32b76cf0ea93 : 2 : ittapi_config_apply_per_lib :  ITTAPI function not implemented: __itt_enable_attach
24839 : 0x32b76cf0ef19 : 2 : ittapi_config_apply_per_lib :  ITTAPI function instrumented: __itt_detach
24839 : 0x32b76cf0f73f : 2 : ittapi_config_apply_per_lib :  ITTAPI function NOT instrumented (not matched by --itt-config option): __itt_sync_create

24839 : 0x32b76cf0fb8d : 2 : ittapi_config_apply_per_lib :  ITTAPI function NOT instrumented (not matched by --itt-config option): __itt_sync_rename

24839 : 0x32b76cf0fe83 : 2 : ittapi_config_apply_per_lib :  ITTAPI function NOT instrumented (not matched by --itt-config option): __itt_sync_destroy

24839 : 0x32b76cf10189 : 2 : ittapi_config_apply_per_lib :  ITTAPI function NOT instrumented (not matched by --itt-config option): __itt_sync_prepare

24839 : 0x32b76cf11a45 : 2 : ittapi_config_apply_per_lib :  ITTAPI function NOT instrumented (not matched by --itt-config option): __itt_sync_cancel

24839 : 0x32b76cf11d85 : 2 : ittapi_config_apply_per_lib :  ITTAPI function NOT instrumented (not matched by --itt-config option): __itt_sync_acquired

24839 : 0x32b76cf1210b : 2 : ittapi_config_apply_per_lib :  ITTAPI function NOT instrumented (not matched by --itt-config option): __itt_sync_releasing

24839 : 0x32b76cf1278d : 2 : ittapi_config_apply_per_lib :  ITTAPI function not implemented: __itt_suppress_push
24839 : 0x32b76cf13c07 : 2 : ittapi_config_apply_per_lib :  ITTAPI function not implemented: __itt_suppress_pop
24839 : 0x32b76cf143a9 : 2 : ittapi_config_apply_per_lib :  ITTAPI function not implemented: __itt_suppress_mark_range
24839 : 0x32b76cf14aad : 2 : ittapi_config_apply_per_lib :  ITTAPI function not implemented: __itt_suppress_clear_range
24839 : 0x32b76cf14d69 : 2 : ittapi_config_apply_per_lib :  ITTAPI function NOT instrumented (not matched by --itt-config option): __itt_sync_prepare

24839 : 0x32b76cf15049 : 2 : ittapi_config_apply_per_lib :  ITTAPI function NOT instrumented (not matched by --itt-config option): __itt_sync_cancel

24839 : 0x32b76cf152cb : 2 : ittapi_config_apply_per_lib :  ITTAPI function NOT instrumented (not matched by --itt-config option): __itt_sync_acquired

24839 : 0x32b76cf168b9 : 2 : ittapi_config_apply_per_lib :  ITTAPI function NOT instrumented (not matched by --itt-config option): __itt_sync_releasing

24839 : 0x32b76cf16e4f : 2 : ittapi_config_apply_per_lib :  ITTAPI function instrumented: __itt_model_site_begin
24839 : 0x32b76cf172f7 : 2 : ittapi_config_apply_per_lib :  ITTAPI function instrumented: __itt_model_site_end
24839 : 0x32b76cf17791 : 2 : ittapi_config_apply_per_lib :  ITTAPI function instrumented: __itt_model_task_begin
24839 : 0x32b76cf17c5f : 2 : ittapi_config_apply_per_lib :  ITTAPI function instrumented: __itt_model_task_end
24839 : 0x32b76cf1820d : 2 : ittapi_config_apply_per_lib :  ITTAPI function instrumented: __itt_model_lock_acquire
24839 : 0x32b76cf185c9 : 2 : ittapi_config_apply_per_lib :  ITTAPI function instrumented: __itt_model_lock_release
24839 : 0x32b76cf18b31 : 2 : ittapi_config_apply_per_lib :  ITTAPI function not implemented: __itt_model_record_allocation
24839 : 0x32b76cf1902f : 2 : ittapi_config_apply_per_lib :  ITTAPI function not implemented: __itt_model_record_deallocation
24839 : 0x32b76cf194e9 : 2 : ittapi_config_apply_per_lib :  ITTAPI function not implemented: __itt_model_induction_uses
24839 : 0x32b76cf1b94f : 2 : ittapi_config_apply_per_lib :  ITTAPI function not implemented: __itt_model_reduction_uses
24839 : 0x32b76cf1be87 : 2 : ittapi_config_apply_per_lib :  ITTAPI function not implemented: __itt_model_observe_uses
24839 : 0x32b76cf1c393 : 2 : ittapi_config_apply_per_lib :  ITTAPI function not implemented: __itt_model_clear_uses
24839 : 0x32b76cf1c7d7 : 2 : ittapi_config_apply_per_lib :  ITTAPI function instrumented: __itt_model_site_beginA
24839 : 0x32b76cf1cbed : 2 : ittapi_config_apply_per_lib :  ITTAPI function instrumented: __itt_model_site_beginAL
24839 : 0x32b76cf1d055 : 2 : ittapi_config_apply_per_lib :  ITTAPI function instrumented: __itt_model_task_beginA
24839 : 0x32b76cf1d4a1 : 2 : ittapi_config_apply_per_lib :  ITTAPI function instrumented: __itt_model_task_beginAL
24839 : 0x32b76cf1db8b : 2 : ittapi_config_apply_per_lib :  ITTAPI function instrumented: __itt_model_iteration_taskA
24839 : 0x32b76cf1dfa9 : 2 : ittapi_config_apply_per_lib :  ITTAPI function instrumented: __itt_model_iteration_taskAL
24839 : 0x32b76cf1e47f : 2 : ittapi_config_apply_per_lib :  ITTAPI function instrumented: __itt_model_site_end_2
24839 : 0x32b76cf1fd0d : 2 : ittapi_config_apply_per_lib :  ITTAPI function instrumented: __itt_model_task_end_2
24839 : 0x32b76cf20165 : 2 : ittapi_config_apply_per_lib :  ITTAPI function instrumented: __itt_model_lock_acquire_2
24839 : 0x32b76cf20559 : 2 : ittapi_config_apply_per_lib :  ITTAPI function instrumented: __itt_model_lock_release_2
24839 : 0x32b76cf20e17 : 2 : ittapi_config_apply_per_lib :  ITTAPI function instrumented: __itt_model_aggregate_task
24839 : 0x32b76cf211ff : 2 : ittapi_config_apply_per_lib :  ITTAPI function instrumented: __itt_model_disable_push
24839 : 0x32b76cf215c3 : 2 : ittapi_config_apply_per_lib :  ITTAPI function instrumented: __itt_model_disable_pop
24839 : 0x32b76cf219b7 : 2 : ittapi_config_apply_per_lib :  ITTAPI function instrumented: __itt_heap_function_create
24839 : 0x32b76cf21ddd : 2 : ittapi_config_apply_per_lib :  ITTAPI function instrumented: __itt_heap_allocate_begin
24839 : 0x32b76cf2223f : 2 : ittapi_config_apply_per_lib :  ITTAPI function instrumented: __itt_heap_allocate_end
24839 : 0x32b76cf22641 : 2 : ittapi_config_apply_per_lib :  ITTAPI function instrumented: __itt_heap_free_begin
24839 : 0x32b76cf23d7f : 2 : ittapi_config_apply_per_lib :  ITTAPI function instrumented: __itt_heap_free_end
24839 : 0x32b76cf242e1 : 2 : ittapi_config_apply_per_lib :  ITTAPI function instrumented: __itt_heap_reallocate_begin
24839 : 0x32b76cf246af : 2 : ittapi_config_apply_per_lib :  ITTAPI function instrumented: __itt_heap_reallocate_end
24839 : 0x32b76cf24e49 : 2 : ittapi_config_apply_per_lib :  ITTAPI function not implemented: __itt_heap_internal_access_begin
24839 : 0x32b76cf253bf : 2 : ittapi_config_apply_per_lib :  ITTAPI function not implemented: __itt_heap_internal_access_end
24839 : 0x32b76cf25999 : 2 : ittapi_config_apply_per_lib :  ITTAPI function not implemented: __itt_heap_record_memory_growth_begin
24839 : 0x32b76cf25e8b : 2 : ittapi_config_apply_per_lib :  ITTAPI function not implemented: __itt_heap_record_memory_growth_end
24839 : 0x32b76cf263c1 : 2 : ittapi_config_apply_per_lib :  ITTAPI function not implemented: __itt_heap_reset_detection
24839 : 0x32b76cf269e1 : 2 : ittapi_config_apply_per_lib :  ITTAPI function not implemented: __itt_heap_record
24839 : 0x32b76cf2705d : 2 : ittapi_config_apply_per_lib :  ITTAPI function not implemented: __itt_id_create
24839 : 0x32b76cf29575 : 2 : ittapi_config_apply_per_lib :  ITTAPI function not implemented: __itt_id_destroy
24839 : 0x32b76cf29ac1 : 2 : ittapi_config_apply_per_lib :  ITTAPI function instrumented: __itt_get_timestamp
24839 : 0x32b76cf29ff7 : 2 : ittapi_config_apply_per_lib :  ITTAPI function not implemented: __itt_region_begin
24839 : 0x32b76cf2a529 : 2 : ittapi_config_apply_per_lib :  ITTAPI function not implemented: __itt_region_end
24839 : 0x32b76cf2a91b : 2 : ittapi_config_apply_per_lib :  ITTAPI function instrumented: __itt_frame_begin_v3
24839 : 0x32b76cf2adfd : 2 : ittapi_config_apply_per_lib :  ITTAPI function instrumented: __itt_frame_end_v3
24839 : 0x32b76cf2b303 : 2 : ittapi_config_apply_per_lib :  ITTAPI function instrumented: __itt_frame_submit_v3
24839 : 0x32b76cf2b8b3 : 2 : ittapi_config_apply_per_lib :  ITTAPI function not implemented: __itt_task_group
24839 : 0x32b76cf2bcad : 2 : ittapi_config_apply_per_lib :  ITTAPI function instrumented: __itt_task_begin
24839 : 0x32b76cf2c2bb : 2 : ittapi_config_apply_per_lib :  ITTAPI function instrumented: __itt_task_begin_fn
24839 : 0x32b76cf2da2b : 2 : ittapi_config_apply_per_lib :  ITTAPI function instrumented: __itt_task_end
24839 : 0x32b76cf2df91 : 2 : ittapi_config_apply_per_lib :  ITTAPI function not implemented: __itt_counter_inc_v3
24839 : 0x32b76cf2e52d : 2 : ittapi_config_apply_per_lib :  ITTAPI function not implemented: __itt_counter_inc_delta_v3
24839 : 0x32b76cf2ea0f : 2 : ittapi_config_apply_per_lib :  ITTAPI function not implemented: __itt_counter_dec_v3
24839 : 0x32b76cf2ef0b : 2 : ittapi_config_apply_per_lib :  ITTAPI function not implemented: __itt_counter_dec_delta_v3
24839 : 0x32b76cf2f3ef : 2 : ittapi_config_apply_per_lib :  ITTAPI function not implemented: __itt_marker
24839 : 0x32b76cf2f899 : 2 : ittapi_config_apply_per_lib :  ITTAPI function instrumented: __itt_metadata_add
24839 : 0x32b76cf2fe05 : 2 : ittapi_config_apply_per_lib :  ITTAPI function not implemented: __itt_metadata_str_add
24839 : 0x32b76cf302e3 : 2 : ittapi_config_apply_per_lib :  ITTAPI function not implemented: __itt_relation_add_to_current
24839 : 0x32b76cf307e5 : 2 : ittapi_config_apply_per_lib :  ITTAPI function not implemented: __itt_relation_add
24839 : 0x32b76cf31fad : 2 : ittapi_config_apply_per_lib :  ITTAPI function instrumented: __itt_event_create
24839 : 0x32b76cf32471 : 2 : ittapi_config_apply_per_lib :  ITTAPI function instrumented: __itt_event_start
24839 : 0x32b76cf3281d : 2 : ittapi_config_apply_per_lib :  ITTAPI function instrumented: __itt_event_end
24839 : 0x32b76cf32b49 : 2 : ittapi_config_apply_per_lib :  ITTAPI function NOT instrumented (not matched by --itt-config option): __itt_sync_set_name

24839 : 0x32b76cf32e63 : 2 : ittapi_config_apply_per_lib :  ITTAPI function NOT instrumented (not matched by --itt-config option): __itt_notify_sync_name

24839 : 0x32b76cf33161 : 2 : ittapi_config_apply_per_lib :  ITTAPI function NOT instrumented (not matched by --itt-config option): __itt_notify_sync_prepare

24839 : 0x32b76cf33473 : 2 : ittapi_config_apply_per_lib :  ITTAPI function NOT instrumented (not matched by --itt-config option): __itt_notify_sync_cancel

24839 : 0x32b76cf336fd : 2 : ittapi_config_apply_per_lib :  ITTAPI function NOT instrumented (not matched by --itt-config option): __itt_notify_sync_acquired

24839 : 0x32b76cf3395b : 2 : ittapi_config_apply_per_lib :  ITTAPI function NOT instrumented (not matched by --itt-config option): __itt_notify_sync_releasing

24839 : 0x32b76cf33eab : 2 : ittapi_config_apply_per_lib :  ITTAPI function not implemented: __itt_memory_read
24839 : 0x32b76cf35735 : 2 : ittapi_config_apply_per_lib :  ITTAPI function not implemented: __itt_memory_write
24839 : 0x32b76cf35cad : 2 : ittapi_config_apply_per_lib :  ITTAPI function not implemented: __itt_memory_update
24839 : 0x32b76cf361b3 : 2 : ittapi_config_apply_per_lib :  ITTAPI function not implemented: __itt_state_get
24839 : 0x32b76cf36703 : 2 : ittapi_config_apply_per_lib :  ITTAPI function not implemented: __itt_state_set
24839 : 0x32b76cf36cab : 2 : ittapi_config_apply_per_lib :  ITTAPI function not implemented: __itt_obj_mode_set
24839 : 0x32b76cf37133 : 2 : ittapi_config_apply_per_lib :  ITTAPI function not implemented: __itt_thr_mode_set
24839 : 0x32b76cf37561 : 2 : ittapi_config_apply_per_lib :  ITTAPI function instrumented: __itt_frame_create
24839 : 0x32b76cf37993 : 2 : ittapi_config_apply_per_lib :  ITTAPI function instrumented: __itt_pt_region_create
24839 : 0x32b76cf37ea3 : 2 : ittapi_config_apply_per_lib :  ITTAPI function instrumented: __itt_frame_begin
24839 : 0x32b76cf382d3 : 2 : ittapi_config_apply_per_lib :  ITTAPI function instrumented: __itt_frame_end
24839 : 0x32b76cf3accb : 2 : ittapi_config_apply_per_lib :  ITTAPI function not implemented: __itt_counter_destroy
24839 : 0x32b76cf3b1c7 : 2 : ittapi_config_apply_per_lib :  ITTAPI function instrumented: __itt_counter_inc
24839 : 0x32b76cf3b629 : 2 : ittapi_config_apply_per_lib :  ITTAPI function instrumented: __itt_counter_inc_delta
24839 : 0x32b76cf3ba1b : 2 : ittapi_config_apply_per_lib :  ITTAPI function instrumented: __itt_counter_dec
24839 : 0x32b76cf3be59 : 2 : ittapi_config_apply_per_lib :  ITTAPI function instrumented: __itt_counter_dec_delta
24839 : 0x32b76cf3c26b : 2 : ittapi_config_apply_per_lib :  ITTAPI function instrumented: __itt_counter_set_value
24839 : 0x32b76cf3c71b : 2 : ittapi_config_apply_per_lib :  ITTAPI function not implemented: __itt_counter_set_value_ex
24839 : 0x32b76cf3cbd1 : 2 : ittapi_config_apply_per_lib :  ITTAPI function not implemented: __itt_mark_create
24839 : 0x32b76cf3d0dd : 2 : ittapi_config_apply_per_lib :  ITTAPI function not implemented: __itt_mark
24839 : 0x32b76cf3d5ed : 2 : ittapi_config_apply_per_lib :  ITTAPI function not implemented: __itt_mark_off
24839 : 0x32b76cf3ee7d : 2 : ittapi_config_apply_per_lib :  ITTAPI function not implemented: __itt_mark_global
24839 : 0x32b76cf3f39b : 2 : ittapi_config_apply_per_lib :  ITTAPI function not implemented: __itt_mark_global_off
24839 : 0x32b76cf3f87b : 2 : ittapi_config_apply_per_lib :  ITTAPI function instrumented: __itt_stack_caller_create
24839 : 0x32b76cf3fce3 : 2 : ittapi_config_apply_per_lib :  ITTAPI function instrumented: __itt_stack_caller_destroy
24839 : 0x32b76cf40141 : 2 : ittapi_config_apply_per_lib :  ITTAPI function instrumented: __itt_stack_callee_enter
24839 : 0x32b76cf404f9 : 2 : ittapi_config_apply_per_lib :  ITTAPI function instrumented: __itt_stack_callee_leave
24839 : 0x32b76cf40981 : 2 : ittapi_config_apply_per_lib :  ITTAPI function not implemented: __itt_clock_domain_create
24839 : 0x32b76cf40e61 : 2 : ittapi_config_apply_per_lib :  ITTAPI function not implemented: __itt_clock_domain_reset
24839 : 0x32b76cf41327 : 2 : ittapi_config_apply_per_lib :  ITTAPI function not implemented: __itt_id_create_ex
24839 : 0x32b76cf417af : 2 : ittapi_config_apply_per_lib :  ITTAPI function not implemented: __itt_id_destroy_ex
24839 : 0x32b76cf430a3 : 2 : ittapi_config_apply_per_lib :  ITTAPI function not implemented: __itt_task_begin_ex
24839 : 0x32b76cf435d3 : 2 : ittapi_config_apply_per_lib :  ITTAPI function not implemented: __itt_task_begin_fn_ex
24839 : 0x32b76cf43ac9 : 2 : ittapi_config_apply_per_lib :  ITTAPI function not implemented: __itt_task_end_ex
24839 : 0x32b76cf43f75 : 2 : ittapi_config_apply_per_lib :  ITTAPI function instrumented: __itt_task_begin_overlapped
24839 : 0x32b76cf4446f : 2 : ittapi_config_apply_per_lib :  ITTAPI function not implemented: __itt_task_begin_overlapped_ex
24839 : 0x32b76cf448e3 : 2 : ittapi_config_apply_per_lib :  ITTAPI function instrumented: __itt_task_end_overlapped
24839 : 0x32b76cf44d87 : 2 : ittapi_config_apply_per_lib :  ITTAPI function not implemented: __itt_task_end_overlapped_ex
24839 : 0x32b76cf453ad : 2 : ittapi_config_apply_per_lib :  ITTAPI function not implemented: __itt_marker_ex
24839 : 0x32b76cf4594b : 2 : ittapi_config_apply_per_lib :  ITTAPI function not implemented: __itt_metadata_add_with_scope
24839 : 0x32b76cf45e79 : 2 : ittapi_config_apply_per_lib :  ITTAPI function not implemented: __itt_metadata_str_add_with_scope
24839 : 0x32b76cf48361 : 2 : ittapi_config_apply_per_lib :  ITTAPI function not implemented: __itt_relation_add_to_current_ex
24839 : 0x32b76cf4885f : 2 : ittapi_config_apply_per_lib :  ITTAPI function not implemented: __itt_relation_add_ex
24839 : 0x32b76cf48d27 : 2 : ittapi_config_apply_per_lib :  ITTAPI function not implemented: __itt_track_group_create
24839 : 0x32b76cf4919f : 2 : ittapi_config_apply_per_lib :  ITTAPI function not implemented: __itt_track_create
24839 : 0x32b76cf49663 : 2 : ittapi_config_apply_per_lib :  ITTAPI function not implemented: __itt_set_track
24839 : 0x32b76cf49aab : 2 : ittapi_config_apply_per_lib :  ITTAPI function instrumented: __itt_api_version
24839 : 0x32b76cf49fab : 2 : ittapi_config_apply_per_lib :  ITTAPI function not implemented: __itt_av_save
24839 : 0x32b76cf4a3cf : 2 : ittapi_config_apply_per_lib :  ITTAPI function instrumented: __itt_module_load
24839 : 0x32b76cf4a88f : 2 : ittapi_config_apply_per_lib :  ITTAPI function not implemented: __itt_module_unload