8 [22613055644672] INFO perfrun.launcher <> - Launcher main begin
8 [22613055644672] INFO perfrun.launcher <> - MessageCatalogInit finished
8 [22613055644672] INFO perfrun.launcher <> - Launcher instance created
8 [22613055644672] INFO perfrun.launcher <> - argc = 6; cmdline = /home/sonar/intel/oneapi/advisor/2024.0/bin64/advixe-runss -dump-vdso -r /home/sonar/IntelOneAPI/Workshops_SS_as_Trainer/202309_VSC_Vienna_online/day2/1445-1600-LAB4-vtune/05_Intel_Advisor/matrix_multiply_advisor/adv/e000/hs002 --tmp-dir /tmp/advixe-tmp-sonar 
304 [22613055644672] INFO perfrun.launcher <> - create msngr2::ICliToolContext
304 [22613055644672] INFO perfrun.launcher <> - create file finder object
305 [22612906337856] INFO perfrun.launcher <> - plugin [remoteplug] was disabled because it doesn't support the given collection type.
305 [22612906337856] INFO perfrun.launcher <> - plugin [system] was disabled because it doesn't support the given collection type.
305 [22612906337856] INFO perfrun.vdso <> - dumping [vdso] pseudomodule
310 [22612906337856] INFO perfrun.launcher <> - plugin [itt] was disabled because it doesn't support the given collection type.
310 [22612906337856] INFO perfrun.launcher <> - plugin [] was disabled because it doesn't support the given collection type.
310 [22612906337856] INFO perfrun.launcher <> - plugin [gpu] was disabled because it doesn't support the given collection type.
310 [22612906337856] INFO perfrun.launcher <> - plugin [] was disabled because it doesn't support the given collection type.
310 [22612906337856] INFO perfrun.launcher <> - plugin [] was disabled because it doesn't support the given collection type.
310 [22612906337856] INFO perfrun.launcher <> - plugin [] was disabled because it doesn't support the given collection type.
310 [22612906337856] INFO perfrun.launcher <> - plugin [mrte] was disabled because it doesn't support the given collection type.
310 [22612906337856] INFO perfrun.launcher <> - plugin [] was disabled because it doesn't support the given collection type.
310 [22612906337856] INFO perfrun.launcher <> - plugin [] was disabled because it doesn't support the given collection type.
310 [22612906337856] INFO perfrun.launcher <> - plugin [] was disabled because it doesn't support the given collection type.
310 [22612906337856] INFO perfrun.launcher <> - plugin [] was disabled because it doesn't support the given collection type.
310 [22612906337856] INFO perfrun.launcher <> - plugin [] was disabled because it doesn't support the given collection type.
310 [22612906337856] INFO perfrun.launcher <> - plugin [] was disabled because it doesn't support the given collection type.
310 [22612906337856] INFO perfrun.launcher <> - plugin [] was disabled because it doesn't support the given collection type.
310 [22612906337856] INFO perfrun.launcher <> - plugin [tpss] was disabled because it doesn't support the given collection type.
310 [22612906337856] INFO perfrun.launcher <> - plugin [] was disabled because it doesn't support the given collection type.
310 [22612906337856] INFO perfrun.launcher <> - plugin [] was disabled because it doesn't support the given collection type.
310 [22612906337856] INFO perfrun.launcher <> - plugin [] was disabled because it doesn't support the given collection type.
310 [22612906337856] INFO perfrun.launcher <> - plugin [] was disabled because it doesn't support the given collection type.
310 [22612906337856] INFO perfrun.launcher <> - plugin [] was disabled because it doesn't support the given collection type.
310 [22612906337856] INFO perfrun.launcher <> - plugin [] was disabled because it doesn't support the given collection type.
310 [22612906337856] INFO perfrun.launcher <> - plugin [] was disabled because it doesn't support the given collection type.
310 [22612906337856] INFO perfrun.launcher <> - plugin [] was disabled because it doesn't support the given collection type.
310 [22612906337856] INFO perfrun.launcher <> - plugin [] was disabled because it doesn't support the given collection type.
310 [22613055644672] INFO perfrun.launcher <> - Application exit code: 0
310 [22613055644672] INFO perfrun.launcher <> - Exit code: 0
