<?xml version="1.0" encoding="utf-8" ?>
<!-- DO NOT EDIT THIS FILE -->

<log version='2.0' source='trc'>
	<msg id='1' display='false' source='trc'>
		<type>PROCESS_START</type>
		<severity>INFO</severity>
		<timestamp>Mon Dec 11 11:59:38 2023</timestamp>
		<arg name='process'>/home/sonar/IntelOneAPI/Workshops_SS_as_Trainer/202309_VSC_Vienna_online/day2/1445-1600-LAB4-vtune/05_Intel_Advisor/matrix_multiply_advisor/matrix.dpcpp</arg>
		<arg name='pid'>25045</arg>
	</msg>
	<!-- Instrumentation filter's state:
    Patterns applicability:
        Generic loop pattern.....................: enabled
        Generic loop pattern (with dynamic jumps): enabled
        Known trip value loop pattern............: enabled
        Runtime final value loop pattern.........: enabled
        No initial IV loop pattern...............: enabled
        IV step only loop pattern................: enabled
        No entry loop pattern....................: enabled
    Clustered memory model (CMM) applicability:
        Generic loop pattern.....................: enabled
        Generic loop pattern (with dynamic jumps): enabled
        Known trip value loop pattern............: enabled
        Runtime final value loop pattern.........: enabled
        No initial IV loop pattern...............: enabled
        IV step only loop pattern................: enabled
        No entry loop pattern....................: disabled
 -->
	<!-- Callstack mode:
    filter modules.........: true
    filter routines........: true
    count loops............: true
    count flops............: true
    trace..................: false
    extended trace.........: false
    omp trace..............: false
    jit trace..............: false
    failures trace.........: false
    dump raw...............: false
    dump final.............: false
    dump all...............: false
    stack stitching........: true
    stl profiling..........: true
    aggressive frame switch: true
    unwind frame exit......: true
    analyze child loops....: true
 -->
	<!-- Managed application profiling: -->
	<!-- 	State...................: enabled -->
	<!-- Gpu Profiling: -->
	<!-- 	State  : disabled -->
	<!-- 	Filter : * -->
	<!-- 	GPUs   : 0:0:2.0 -->
	<!-- 	Options:  -->
	<msg id='2' display='false' source='trc'>
		<type>PROCESS_ANALYSIS_MODE</type>
		<severity>INFO</severity>
		<timestamp>Mon Dec 11 11:59:38 2023</timestamp>
		<arg name='mode'>full</arg>
	</msg>
	<!-- Update image info for [1:0x400000:YN] /home/sonar/IntelOneAPI/Workshops_SS_as_Trainer/202309_VSC_Vienna_online/day2/1445-1600-LAB4-vtune/05_Intel_Advisor/matrix_multiply_advisor/matrix.dpcpp -->
	<msg id='3' display='false' source='trc'>
		<type>LOAD_MODULE</type>
		<severity>INFO</severity>
		<timestamp>Mon Dec 11 11:59:38 2023</timestamp>
		<arg name='module'>/home/sonar/IntelOneAPI/Workshops_SS_as_Trainer/202309_VSC_Vienna_online/day2/1445-1600-LAB4-vtune/05_Intel_Advisor/matrix_multiply_advisor/matrix.dpcpp</arg>
		<arg name='basement'>0x400000</arg>
		<arg name='ceiling'>0x4f002f</arg>
		<arg name='symtab'>yes</arg>
	</msg>
	<!-- Instrumenting image: id = 1, name = /home/sonar/IntelOneAPI/Workshops_SS_as_Trainer/202309_VSC_Vienna_online/day2/1445-1600-LAB4-vtune/05_Intel_Advisor/matrix_multiply_advisor/matrix.dpcpp -->
	<!-- Instrumenting loops in routine "main" -->
	<!-- Instrumenting loops in routine "multiply1_1" -->
	<!-- Update image info for [2:0x150907316000:NN] /lib64/ld-linux-x86-64.so.2 -->
	<msg id='4' display='false' source='trc'>
		<type>LOAD_MODULE</type>
		<severity>INFO</severity>
		<timestamp>Mon Dec 11 11:59:38 2023</timestamp>
		<arg name='module'>/lib64/ld-linux-x86-64.so.2</arg>
		<arg name='basement'>0x150907316000</arg>
		<arg name='ceiling'>0x1509073512d7</arg>
		<arg name='symtab'>no</arg>
	</msg>
	<!-- Instrumentation of /lib64/ld-linux-x86-64.so.2 image skipped because of filter conditions. -->
	<!-- Update image info for [3:0x150907314000:NN] [vdso] -->
	<msg id='5' display='false' source='trc'>
		<type>LOAD_MODULE</type>
		<severity>INFO</severity>
		<timestamp>Mon Dec 11 11:59:38 2023</timestamp>
		<arg name='module'>[vdso]</arg>
		<arg name='basement'>0x150907314000</arg>
		<arg name='ceiling'>0x150907314e6c</arg>
		<arg name='symtab'>no</arg>
	</msg>
	<!-- Instrumentation of [vdso] image skipped because of filter conditions [cs-mode]. -->
	<!-- Update image info for [4:0x1508F1600000:NN] /lib/x86_64-linux-gnu/libstdc++.so.6 -->
	<msg id='6' display='false' source='trc'>
		<type>LOAD_MODULE</type>
		<severity>INFO</severity>
		<timestamp>Mon Dec 11 11:59:39 2023</timestamp>
		<arg name='module'>/lib/x86_64-linux-gnu/libstdc++.so.6</arg>
		<arg name='basement'>0x1508f1600000</arg>
		<arg name='ceiling'>0x1508f182b8bf</arg>
		<arg name='symtab'>no</arg>
	</msg>
	<!-- Instrumentation of /lib/x86_64-linux-gnu/libstdc++.so.6 image skipped because of filter conditions [cs-mode]. -->
	<!-- Update image info for [5:0x1508F14F8000:NN] /lib/x86_64-linux-gnu/libm.so.6 -->
	<msg id='7' display='false' source='trc'>
		<type>LOAD_MODULE</type>
		<severity>INFO</severity>
		<timestamp>Mon Dec 11 11:59:39 2023</timestamp>
		<arg name='module'>/lib/x86_64-linux-gnu/libm.so.6</arg>
		<arg name='basement'>0x1508f14f8000</arg>
		<arg name='ceiling'>0x1508f15de107</arg>
		<arg name='symtab'>no</arg>
	</msg>
	<!-- Instrumentation of /lib/x86_64-linux-gnu/libm.so.6 image skipped because of filter conditions [cs-mode]. -->
	<!-- Update image info for [6:0x1508F14D8000:NN] /lib/x86_64-linux-gnu/libgcc_s.so.1 -->
	<msg id='8' display='false' source='trc'>
		<type>LOAD_MODULE</type>
		<severity>INFO</severity>
		<timestamp>Mon Dec 11 11:59:39 2023</timestamp>
		<arg name='module'>/lib/x86_64-linux-gnu/libgcc_s.so.1</arg>
		<arg name='basement'>0x1508f14d8000</arg>
		<arg name='ceiling'>0x1508f14f72e7</arg>
		<arg name='symtab'>no</arg>
	</msg>
	<!-- Instrumentation of /lib/x86_64-linux-gnu/libgcc_s.so.1 image skipped because of filter conditions [cs-mode]. -->
	<!-- Update image info for [7:0x1508F1000000:YN] /home/sonar/intel/oneapi/compiler/2024.0/lib/libsycl.so.7 -->
	<msg id='9' display='false' source='trc'>
		<type>LOAD_MODULE</type>
		<severity>INFO</severity>
		<timestamp>Mon Dec 11 11:59:39 2023</timestamp>
		<arg name='module'>/home/sonar/intel/oneapi/compiler/2024.0/lib/libsycl.so.7</arg>
		<arg name='basement'>0x1508f1000000</arg>
		<arg name='ceiling'>0x1508f133665f</arg>
		<arg name='symtab'>yes</arg>
	</msg>
	<!-- Instrumentation of /home/sonar/intel/oneapi/compiler/2024.0/lib/libsycl.so.7 image skipped because of filter conditions. -->
	<!-- Update image info for [8:0x1508F0C00000:NN] /lib/x86_64-linux-gnu/libc.so.6 -->
	<msg id='10' display='false' source='trc'>
		<type>LOAD_MODULE</type>
		<severity>INFO</severity>
		<timestamp>Mon Dec 11 11:59:39 2023</timestamp>
		<arg name='module'>/lib/x86_64-linux-gnu/libc.so.6</arg>
		<arg name='basement'>0x1508f0c00000</arg>
		<arg name='ceiling'>0x1508f0e27e4f</arg>
		<arg name='symtab'>no</arg>
	</msg>
	<!-- Instrumentation of /lib/x86_64-linux-gnu/libc.so.6 image skipped because of filter conditions. -->
	<!-- Update image info for [9:0x1508F1464000:NN] /lib/x86_64-linux-gnu/libdl.so.2 -->
	<msg id='11' display='false' source='trc'>
		<type>LOAD_MODULE</type>
		<severity>INFO</severity>
		<timestamp>Mon Dec 11 11:59:40 2023</timestamp>
		<arg name='module'>/lib/x86_64-linux-gnu/libdl.so.2</arg>
		<arg name='basement'>0x1508f1464000</arg>
		<arg name='ceiling'>0x1508f1468027</arg>
		<arg name='symtab'>no</arg>
	</msg>
	<!-- Instrumentation of /lib/x86_64-linux-gnu/libdl.so.2 image skipped because of filter conditions [cs-mode]. -->
	<!-- Update image info for [10:0x1508F1437000:YN] /lib/x86_64-linux-gnu/libpthread.so.0 -->
	<msg id='12' display='false' source='trc'>
		<type>LOAD_MODULE</type>
		<severity>INFO</severity>
		<timestamp>Mon Dec 11 11:59:40 2023</timestamp>
		<arg name='module'>/lib/x86_64-linux-gnu/libpthread.so.0</arg>
		<arg name='basement'>0x1508f1437000</arg>
		<arg name='ceiling'>0x1508f143b027</arg>
		<arg name='symtab'>yes</arg>
	</msg>
	<!-- Instrumentation of /lib/x86_64-linux-gnu/libpthread.so.0 image skipped because of filter conditions [cs-mode]. -->
	<!-- Update image info for [11:0x1508EA90A000:YN] /home/sonar/intel/oneapi/compiler/2024.0/lib/libpi_opencl.so -->
	<msg id='13' display='false' source='trc'>
		<type>LOAD_MODULE</type>
		<severity>INFO</severity>
		<timestamp>Mon Dec 11 11:59:40 2023</timestamp>
		<arg name='module'>/home/sonar/intel/oneapi/compiler/2024.0/lib/libpi_opencl.so</arg>
		<arg name='basement'>0x1508ea90a000</arg>
		<arg name='ceiling'>0x1508eaa0d6bf</arg>
		<arg name='symtab'>yes</arg>
	</msg>
	<!-- Instrumentation of /home/sonar/intel/oneapi/compiler/2024.0/lib/libpi_opencl.so image skipped because of filter conditions [cs-mode]. -->
	<!-- Found 'clEnqueueNDRangeKernel' at 0x1508ea4062a0 -->
	<!-- Found 'clEnqueueTask' at 0x1508ea4064e0 -->
	<!-- Found 'clGetCommandQueueInfo' at 0x1508ea405a50 -->
	<!-- Found 'clGetDeviceInfo' at 0x1508ea405840 -->
	<!-- Found 'clGetExtensionFunctionAddressForPlatform' at 0x1508ea404570 -->
	<!-- Found 'clGetKernelInfo' at 0x1508ea405eb0 -->
	<!-- Instrumenting 'clEnqueueNDRangeKernel' -->
	<!-- Instrumenting 'clEnqueueTask' -->
	<!-- Update image info for [12:0x1508EA400000:YN] /home/sonar/intel/oneapi/compiler/2024.0/opt/oclfpga/host/linux64/lib/libOpenCL.so.1 -->
	<msg id='14' display='false' source='trc'>
		<type>LOAD_MODULE</type>
		<severity>INFO</severity>
		<timestamp>Mon Dec 11 11:59:40 2023</timestamp>
		<arg name='module'>/home/sonar/intel/oneapi/compiler/2024.0/opt/oclfpga/host/linux64/lib/libOpenCL.so.1</arg>
		<arg name='basement'>0x1508ea400000</arg>
		<arg name='ceiling'>0x1508ea60b5c7</arg>
		<arg name='symtab'>yes</arg>
	</msg>
	<!-- Instrumentation of /home/sonar/intel/oneapi/compiler/2024.0/opt/oclfpga/host/linux64/lib/libOpenCL.so.1 image skipped because of filter conditions. -->
	<!-- Update image info for [13:0x1508E8C00000:YN] /home/sonar/intel/oneapi/compiler/2024.0/lib/libsvml.so -->
	<msg id='15' display='false' source='trc'>
		<type>LOAD_MODULE</type>
		<severity>INFO</severity>
		<timestamp>Mon Dec 11 11:59:40 2023</timestamp>
		<arg name='module'>/home/sonar/intel/oneapi/compiler/2024.0/lib/libsvml.so</arg>
		<arg name='basement'>0x1508e8c00000</arg>
		<arg name='ceiling'>0x1508ea233c43</arg>
		<arg name='symtab'>yes</arg>
	</msg>
	<!-- Instrumentation of /home/sonar/intel/oneapi/compiler/2024.0/lib/libsvml.so image skipped because of filter conditions [cs-mode]. -->
	<!-- Update image info for [14:0x1508EA23B000:YN] /home/sonar/intel/oneapi/compiler/2024.0/lib/libirng.so -->
	<msg id='16' display='false' source='trc'>
		<type>LOAD_MODULE</type>
		<severity>INFO</severity>
		<timestamp>Mon Dec 11 11:59:40 2023</timestamp>
		<arg name='module'>/home/sonar/intel/oneapi/compiler/2024.0/lib/libirng.so</arg>
		<arg name='basement'>0x1508ea23b000</arg>
		<arg name='ceiling'>0x1508ea33459d</arg>
		<arg name='symtab'>yes</arg>
	</msg>
	<!-- Instrumentation of /home/sonar/intel/oneapi/compiler/2024.0/lib/libirng.so image skipped because of filter conditions [cs-mode]. -->
	<!-- Update image info for [15:0x1508E8600000:YN] /home/sonar/intel/oneapi/compiler/2024.0/lib/libimf.so -->
	<msg id='17' display='false' source='trc'>
		<type>LOAD_MODULE</type>
		<severity>INFO</severity>
		<timestamp>Mon Dec 11 11:59:40 2023</timestamp>
		<arg name='module'>/home/sonar/intel/oneapi/compiler/2024.0/lib/libimf.so</arg>
		<arg name='basement'>0x1508e8600000</arg>
		<arg name='ceiling'>0x1508e8a1d61f</arg>
		<arg name='symtab'>yes</arg>
	</msg>
	<!-- Instrumentation of /home/sonar/intel/oneapi/compiler/2024.0/lib/libimf.so image skipped because of filter conditions [cs-mode]. -->
	<!-- Update image info for [16:0x1508EA60F000:YN] /home/sonar/intel/oneapi/compiler/2024.0/lib/libintlc.so.5 -->
	<msg id='18' display='false' source='trc'>
		<type>LOAD_MODULE</type>
		<severity>INFO</severity>
		<timestamp>Mon Dec 11 11:59:40 2023</timestamp>
		<arg name='module'>/home/sonar/intel/oneapi/compiler/2024.0/lib/libintlc.so.5</arg>
		<arg name='basement'>0x1508ea60f000</arg>
		<arg name='ceiling'>0x1508ea66f92f</arg>
		<arg name='symtab'>yes</arg>
	</msg>
	<!-- Instrumentation of /home/sonar/intel/oneapi/compiler/2024.0/lib/libintlc.so.5 image skipped because of filter conditions [cs-mode]. -->
	<!-- Update image info for [17:0x1508E7669000:YN] /home/sonar/intel/oneapi/compiler/2024.0/lib/libpi_cuda.so -->
	<msg id='19' display='false' source='trc'>
		<type>LOAD_MODULE</type>
		<severity>INFO</severity>
		<timestamp>Mon Dec 11 11:59:40 2023</timestamp>
		<arg name='module'>/home/sonar/intel/oneapi/compiler/2024.0/lib/libpi_cuda.so</arg>
		<arg name='basement'>0x1508e7669000</arg>
		<arg name='ceiling'>0x1508e76b35d7</arg>
		<arg name='symtab'>yes</arg>
	</msg>
	<!-- Instrumenting image: id = 17, name = /home/sonar/intel/oneapi/compiler/2024.0/lib/libpi_cuda.so -->
	<!-- Instrumenting loops in routine "urPlatformGet" -->
	<!-- Instrumenting loops in routine "void std::call_once<urPlatformGet::'lambda'(ur_result_t&), ur_result_t&>(std::once_flag&, urPlatformGet::'lambda'(ur_result_t&)&&, ur_result_t&)::'lambda0'()::_FUN" -->
	<!-- Update image info for [18:0x1508E0E00000:NN] /lib/x86_64-linux-gnu/libcuda.so.1 -->
	<msg id='20' display='false' source='trc'>
		<type>LOAD_MODULE</type>
		<severity>INFO</severity>
		<timestamp>Mon Dec 11 11:59:40 2023</timestamp>
		<arg name='module'>/lib/x86_64-linux-gnu/libcuda.so.1</arg>
		<arg name='basement'>0x1508e0e00000</arg>
		<arg name='ceiling'>0x1508e2a837bf</arg>
		<arg name='symtab'>no</arg>
	</msg>
	<!-- Instrumentation of /lib/x86_64-linux-gnu/libcuda.so.1 image skipped because of no symbols and stripped binaries profiling is disabled. -->
	<!-- Update image info for [19:0x1508E764C000:NN] /lib/x86_64-linux-gnu/librt.so.1 -->
	<msg id='21' display='false' source='trc'>
		<type>LOAD_MODULE</type>
		<severity>INFO</severity>
		<timestamp>Mon Dec 11 11:59:41 2023</timestamp>
		<arg name='module'>/lib/x86_64-linux-gnu/librt.so.1</arg>
		<arg name='basement'>0x1508e764c000</arg>
		<arg name='ceiling'>0x1508e7650037</arg>
		<arg name='symtab'>no</arg>
	</msg>
	<!-- Instrumentation of /lib/x86_64-linux-gnu/librt.so.1 image skipped because of filter conditions [cs-mode]. -->
	<!-- Update image info for [20:0x1509042B1000:YN] /home/sonar/intel/oneapi/compiler/2024.0/lib/libpi_unified_runtime.so -->
	<msg id='22' display='false' source='trc'>
		<type>LOAD_MODULE</type>
		<severity>INFO</severity>
		<timestamp>Mon Dec 11 11:59:41 2023</timestamp>
		<arg name='module'>/home/sonar/intel/oneapi/compiler/2024.0/lib/libpi_unified_runtime.so</arg>
		<arg name='basement'>0x1509042b1000</arg>
		<arg name='ceiling'>0x1509042c526a</arg>
		<arg name='symtab'>yes</arg>
	</msg>
	<!-- Instrumentation of /home/sonar/intel/oneapi/compiler/2024.0/lib/libpi_unified_runtime.so image skipped because of filter conditions [cs-mode]. -->
	<!-- Update image info for [21:0x1508E4B7C000:YN] /home/sonar/intel/oneapi/compiler/2024.0/lib/libur_loader.so.0 -->
	<msg id='23' display='false' source='trc'>
		<type>LOAD_MODULE</type>
		<severity>INFO</severity>
		<timestamp>Mon Dec 11 11:59:42 2023</timestamp>
		<arg name='module'>/home/sonar/intel/oneapi/compiler/2024.0/lib/libur_loader.so.0</arg>
		<arg name='basement'>0x1508e4b7c000</arg>
		<arg name='ceiling'>0x1508e4d41087</arg>
		<arg name='symtab'>yes</arg>
	</msg>
	<!-- Instrumentation of /home/sonar/intel/oneapi/compiler/2024.0/lib/libur_loader.so.0 image skipped because of filter conditions [cs-mode]. -->
	<!-- Update image info for [22:0x1508D5200000:YN] /home/sonar/intel/oneapi/compiler/2024.0/lib/libintelocl.so -->
	<msg id='24' display='false' source='trc'>
		<type>LOAD_MODULE</type>
		<severity>INFO</severity>
		<timestamp>Mon Dec 11 11:59:42 2023</timestamp>
		<arg name='module'>/home/sonar/intel/oneapi/compiler/2024.0/lib/libintelocl.so</arg>
		<arg name='basement'>0x1508d5200000</arg>
		<arg name='ceiling'>0x1508da08ef7f</arg>
		<arg name='symtab'>yes</arg>
	</msg>
	<!-- Instrumentation of /home/sonar/intel/oneapi/compiler/2024.0/lib/libintelocl.so image skipped because of filter conditions. -->
	<!-- Update image info for [23:0x1508CB400000:YN] /home/sonar/intel/oneapi/compiler/2024.0/lib/libcommon_clang.so.2023.16.10.0 -->
	<msg id='25' display='false' source='trc'>
		<type>LOAD_MODULE</type>
		<severity>INFO</severity>
		<timestamp>Mon Dec 11 11:59:55 2023</timestamp>
		<arg name='module'>/home/sonar/intel/oneapi/compiler/2024.0/lib/libcommon_clang.so.2023.16.10.0</arg>
		<arg name='basement'>0x1508cb400000</arg>
		<arg name='ceiling'>0x1508d50ec77f</arg>
		<arg name='symtab'>yes</arg>
	</msg>
	<!-- Instrumentation of /home/sonar/intel/oneapi/compiler/2024.0/lib/libcommon_clang.so.2023.16.10.0 image skipped because of filter conditions [cs-mode]. -->
	<!-- Update image info for [24:0x1508E0A00000:YN] /home/sonar/intel/oneapi/tbb/2021.11/env/../lib/intel64/gcc4.8/libtbb.so.12 -->
	<msg id='26' display='false' source='trc'>
		<type>LOAD_MODULE</type>
		<severity>INFO</severity>
		<timestamp>Mon Dec 11 11:59:55 2023</timestamp>
		<arg name='module'>/home/sonar/intel/oneapi/tbb/2021.11/env/../lib/intel64/gcc4.8/libtbb.so.12</arg>
		<arg name='basement'>0x1508e0a00000</arg>
		<arg name='ceiling'>0x1508e0c8878f</arg>
		<arg name='symtab'>yes</arg>
	</msg>
	<!-- Instrumenting image: id = 24, name = /home/sonar/intel/oneapi/tbb/2021.11/env/../lib/intel64/gcc4.8/libtbb.so.12 -->
	<!-- Instrumenting loops in routine "tbb::detail::r1::task_group_context_impl::bind_to" -->
	<!-- Instrumenting loops in routine "tbb::detail::r1::task_dispatcher::execute_and_wait" -->
	<!-- Instrumenting loops in routine "tbb::detail::r1::create" -->
	<!-- Instrumenting loops in routine "tbb::detail::r1::task_arena_impl::execute" -->
	<!-- Instrumenting loops in routine "tbb::detail::r1::arena::enqueue_task" -->
	<!-- Instrumenting loops in routine "tbb::detail::r1::dynamic_load" -->
	<!-- Instrumenting loops in routine "tbb::detail::r1::market::adjust_demand" -->
	<!-- Instrumenting loops in routine "tbb::detail::r1::spawn" -->
	<!-- Instrumenting loops in routine "tbb::detail::r1::rml::private_worker::run" -->
	<!-- Instrumenting loops in routine "tbb::detail::r1::rml::private_server::wake_some" -->
	<!-- Instrumenting loops in routine "tbb::detail::r1::thread_request_serializer::update" -->
	<!-- Instrumenting loops in routine "tbb::detail::r1::tcm_adaptor::initialize" -->
	<!-- Instrumenting loops in routine "tbb::detail::r1::task_dispatcher::local_wait_for_all<true, tbb::detail::r1::external_waiter>" -->
	<!-- Instrumenting loops in routine "std::_Rb_tree<tbb::detail::d1::global_control*, tbb::detail::d1::global_control*, std::_Identity<tbb::detail::d1::global_control*>, tbb::detail::r1::control_storage_comparator, tbb::detail::d1::tbb_allocator<tbb::detail::d1::global_control*> >::_M_insert_unique<tbb::detail::d1::global_control*>" -->
	<!-- Instrumenting loops in routine "tbb::detail::r1::task_dispatcher::local_wait_for_all<true, tbb::detail::r1::outermost_worker_waiter>" -->
	<!-- Update image info for [25:0x1508CA400000:NN] /home/sonar/intel/oneapi/compiler/2024.0/lib/libonnxruntime.1.12.22.721.so -->
	<msg id='27' display='false' source='trc'>
		<type>LOAD_MODULE</type>
		<severity>INFO</severity>
		<timestamp>Mon Dec 11 11:59:55 2023</timestamp>
		<arg name='module'>/home/sonar/intel/oneapi/compiler/2024.0/lib/libonnxruntime.1.12.22.721.so</arg>
		<arg name='basement'>0x1508ca400000</arg>
		<arg name='ceiling'>0x1508cb287577</arg>
		<arg name='symtab'>no</arg>
	</msg>
	<!-- Instrumentation of /home/sonar/intel/oneapi/compiler/2024.0/lib/libonnxruntime.1.12.22.721.so image skipped because of filter conditions [cs-mode]. -->
	<!-- Update image info for [26:0x1508E2E4C000:NN] /lib/x86_64-linux-gnu/libz.so.1 -->
	<msg id='28' display='false' source='trc'>
		<type>LOAD_MODULE</type>
		<severity>INFO</severity>
		<timestamp>Mon Dec 11 11:59:55 2023</timestamp>
		<arg name='module'>/lib/x86_64-linux-gnu/libz.so.1</arg>
		<arg name='basement'>0x1508e2e4c000</arg>
		<arg name='ceiling'>0x1508e2e670b7</arg>
		<arg name='symtab'>no</arg>
	</msg>
	<!-- Instrumentation of /lib/x86_64-linux-gnu/libz.so.1 image skipped because of filter conditions [cs-mode]. -->
	<!-- Update image info for [27:0x1508E2C56000:NN] /lib/x86_64-linux-gnu/libxml2.so.2 -->
	<msg id='29' display='false' source='trc'>
		<type>LOAD_MODULE</type>
		<severity>INFO</severity>
		<timestamp>Mon Dec 11 11:59:55 2023</timestamp>
		<arg name='module'>/lib/x86_64-linux-gnu/libxml2.so.2</arg>
		<arg name='basement'>0x1508e2c56000</arg>
		<arg name='ceiling'>0x1508e2e37dd7</arg>
		<arg name='symtab'>no</arg>
	</msg>
	<!-- Instrumentation of /lib/x86_64-linux-gnu/libxml2.so.2 image skipped because of filter conditions [cs-mode]. -->
	<!-- Update image info for [28:0x1508E0805000:NN] /lib/x86_64-linux-gnu/libicuuc.so.70 -->
	<msg id='30' display='false' source='trc'>
		<type>LOAD_MODULE</type>
		<severity>INFO</severity>
		<timestamp>Mon Dec 11 11:59:55 2023</timestamp>
		<arg name='module'>/lib/x86_64-linux-gnu/libicuuc.so.70</arg>
		<arg name='basement'>0x1508e0805000</arg>
		<arg name='ceiling'>0x1508e09ff2df</arg>
		<arg name='symtab'>no</arg>
	</msg>
	<!-- Instrumentation of /lib/x86_64-linux-gnu/libicuuc.so.70 image skipped because of filter conditions [cs-mode]. -->
	<!-- Update image info for [29:0x1508E2C2B000:NN] /lib/x86_64-linux-gnu/liblzma.so.5 -->
	<msg id='31' display='false' source='trc'>
		<type>LOAD_MODULE</type>
		<severity>INFO</severity>
		<timestamp>Mon Dec 11 11:59:55 2023</timestamp>
		<arg name='module'>/lib/x86_64-linux-gnu/liblzma.so.5</arg>
		<arg name='basement'>0x1508e2c2b000</arg>
		<arg name='ceiling'>0x1508e2c55107</arg>
		<arg name='symtab'>no</arg>
	</msg>
	<!-- Instrumentation of /lib/x86_64-linux-gnu/liblzma.so.5 image skipped because of filter conditions [cs-mode]. -->
	<!-- Update image info for [30:0x1508C8600000:NN] /lib/x86_64-linux-gnu/libicudata.so.70 -->
	<msg id='32' display='false' source='trc'>
		<type>LOAD_MODULE</type>
		<severity>INFO</severity>
		<timestamp>Mon Dec 11 11:59:55 2023</timestamp>
		<arg name='module'>/lib/x86_64-linux-gnu/libicudata.so.70</arg>
		<arg name='basement'>0x1508c8600000</arg>
		<arg name='ceiling'>0x1508ca21d017</arg>
		<arg name='symtab'>no</arg>
	</msg>
	<!-- Instrumentation of /lib/x86_64-linux-gnu/libicudata.so.70 image skipped because of filter conditions [cs-mode]. -->
	<!-- Update image info for [31:0x1508BC600000:YN] /home/sonar/intel/oneapi/tbb/2021.11/env/../lib/intel64/gcc4.8/libtcm.so.1 -->
	<msg id='33' display='false' source='trc'>
		<type>LOAD_MODULE</type>
		<severity>INFO</severity>
		<timestamp>Mon Dec 11 11:59:55 2023</timestamp>
		<arg name='module'>/home/sonar/intel/oneapi/tbb/2021.11/env/../lib/intel64/gcc4.8/libtcm.so.1</arg>
		<arg name='basement'>0x1508bc600000</arg>
		<arg name='ceiling'>0x1508bc8455cf</arg>
		<arg name='symtab'>yes</arg>
	</msg>
	<!-- Instrumenting image: id = 31, name = /home/sonar/intel/oneapi/tbb/2021.11/env/../lib/intel64/gcc4.8/libtcm.so.1 -->
	<!-- Update image info for [32:0x1508BC200000:YN] /home/sonar/intel/oneapi/tbb/2021.11/env/../lib/intel64/gcc4.8/libhwloc.so.15 -->
	<msg id='34' display='false' source='trc'>
		<type>LOAD_MODULE</type>
		<severity>INFO</severity>
		<timestamp>Mon Dec 11 11:59:56 2023</timestamp>
		<arg name='module'>/home/sonar/intel/oneapi/tbb/2021.11/env/../lib/intel64/gcc4.8/libhwloc.so.15</arg>
		<arg name='basement'>0x1508bc200000</arg>
		<arg name='ceiling'>0x1508bc4568c7</arg>
		<arg name='symtab'>yes</arg>
	</msg>
	<!-- Instrumenting image: id = 32, name = /home/sonar/intel/oneapi/tbb/2021.11/env/../lib/intel64/gcc4.8/libhwloc.so.15 -->
	<!-- Instrumenting loops in routine "hwloc_discover_by_phase.isra.3" -->
	<!-- Instrumenting loops in routine "hwloc_linuxfs_look_cpu.isra.32" -->
	<!-- Instrumenting loops in routine "hwloc_look_linuxfs" -->
	<!-- Update image info for [33:0x1508A7800000:YN] /home/sonar/intel/oneapi/intelpython/latest/lib/libintelocl_emu.so -->
	<msg id='35' display='false' source='trc'>
		<type>LOAD_MODULE</type>
		<severity>INFO</severity>
		<timestamp>Mon Dec 11 12:00:00 2023</timestamp>
		<arg name='module'>/home/sonar/intel/oneapi/intelpython/latest/lib/libintelocl_emu.so</arg>
		<arg name='basement'>0x1508a7800000</arg>
		<arg name='ceiling'>0x1508ad1e3bf7</arg>
		<arg name='symtab'>yes</arg>
	</msg>
	<!-- Instrumentation of /home/sonar/intel/oneapi/intelpython/latest/lib/libintelocl_emu.so image skipped because of filter conditions [cs-mode]. -->
	<!-- Update image info for [34:0x1508A7400000:YN] /home/sonar/intel/oneapi/tbb/2021.11/env/../lib/intel64/gcc4.8/libtbbmalloc.so.2 -->
	<msg id='36' display='false' source='trc'>
		<type>LOAD_MODULE</type>
		<severity>INFO</severity>
		<timestamp>Mon Dec 11 12:00:00 2023</timestamp>
		<arg name='module'>/home/sonar/intel/oneapi/tbb/2021.11/env/../lib/intel64/gcc4.8/libtbbmalloc.so.2</arg>
		<arg name='basement'>0x1508a7400000</arg>
		<arg name='ceiling'>0x1508a766122f</arg>
		<arg name='symtab'>yes</arg>
	</msg>
	<!-- Instrumentation of /home/sonar/intel/oneapi/tbb/2021.11/env/../lib/intel64/gcc4.8/libtbbmalloc.so.2 image skipped because of filter conditions. -->
	<!-- Update image info for [35:0x15088EA00000:YN] /home/sonar/intel/oneapi/intelpython/latest/lib/libintelocl.so -->
	<msg id='37' display='false' source='trc'>
		<type>LOAD_MODULE</type>
		<severity>INFO</severity>
		<timestamp>Mon Dec 11 12:00:02 2023</timestamp>
		<arg name='module'>/home/sonar/intel/oneapi/intelpython/latest/lib/libintelocl.so</arg>
		<arg name='basement'>0x15088ea00000</arg>
		<arg name='ceiling'>0x1508943e3bf7</arg>
		<arg name='symtab'>yes</arg>
	</msg>
	<!-- Instrumentation of /home/sonar/intel/oneapi/intelpython/latest/lib/libintelocl.so image skipped because of filter conditions [cs-mode]. -->
	<!-- Update image info for [36:0x15085EA00000:NN] /home/sonar/intel/oneapi/advisor/2024.0/lib64/runtime/libittnotify.so -->
	<msg id='38' display='false' source='trc'>
		<type>LOAD_MODULE</type>
		<severity>INFO</severity>
		<timestamp>Mon Dec 11 12:00:05 2023</timestamp>
		<arg name='module'>/home/sonar/intel/oneapi/advisor/2024.0/lib64/runtime/libittnotify.so</arg>
		<arg name='basement'>0x15085ea00000</arg>
		<arg name='ceiling'>0x15085ec1924f</arg>
		<arg name='symtab'>no</arg>
	</msg>
	<!-- __itt_pause was instrumented -->
	<!-- __itt_resume was instrumented -->
	<!-- __itt_stack_caller_create was instrumented -->
	<!-- __itt_stack_caller_destroy was instrumented -->
	<!-- __itt_stack_callee_enter was instrumented -->
	<!-- __itt_stack_callee_leave was instrumented -->
	<!-- __itt_metadata_add was instrumented -->
	<!-- Instrumentation of /home/sonar/intel/oneapi/advisor/2024.0/lib64/runtime/libittnotify.so image skipped because of filter conditions [cs-mode]. -->
	<!-- Update image info for [37:0x15085C400000:YN] /home/sonar/intel/oneapi/compiler/2024.0/lib/__ocl_svml_z0.so -->
	<msg id='39' display='false' source='trc'>
		<type>LOAD_MODULE</type>
		<severity>INFO</severity>
		<timestamp>Mon Dec 11 12:00:06 2023</timestamp>
		<arg name='module'>/home/sonar/intel/oneapi/compiler/2024.0/lib/__ocl_svml_z0.so</arg>
		<arg name='basement'>0x15085c400000</arg>
		<arg name='ceiling'>0x15085d41702f</arg>
		<arg name='symtab'>yes</arg>
	</msg>
	<!-- Instrumentation of /home/sonar/intel/oneapi/compiler/2024.0/lib/__ocl_svml_z0.so image skipped because of filter conditions [cs-mode]. -->
	<!-- Update image info for [38:0x15084A359000:YN] /home/sonar/intel/oneapi/advisor/2024.0/lib64/libpinjitprofiling.so -->
	<msg id='40' display='false' source='trc'>
		<type>LOAD_MODULE</type>
		<severity>INFO</severity>
		<timestamp>Mon Dec 11 12:00:07 2023</timestamp>
		<arg name='module'>/home/sonar/intel/oneapi/advisor/2024.0/lib64/libpinjitprofiling.so</arg>
		<arg name='basement'>0x15084a359000</arg>
		<arg name='ceiling'>0x15084a35d017</arg>
		<arg name='symtab'>yes</arg>
	</msg>
	<!-- Instrumentation of /home/sonar/intel/oneapi/advisor/2024.0/lib64/libpinjitprofiling.so image skipped because of filter conditions [cs-mode]. -->
	<!-- Update image info for [40:0x15084AA63000:YY] 66df86178dd603ed -->
	<msg id='41' display='false' source='trc'>
		<type>LOAD_MODULE</type>
		<severity>INFO</severity>
		<timestamp>Mon Dec 11 12:00:07 2023</timestamp>
		<arg name='module'>66df86178dd603ed</arg>
		<arg name='basement'>0x15084aa63000</arg>
		<arg name='ceiling'>0x15084aa9f8c9</arg>
		<arg name='symtab'>yes</arg>
	</msg>
	<!-- Instrumentation of 66df86178dd603ed image skipped because of filter conditions [cs-mode]. -->
	<!-- Update image info for [41:0x1507C8833000:YY] 75d0ce5fd3762a6e -->
	<msg id='42' display='false' source='trc'>
		<type>LOAD_MODULE</type>
		<severity>INFO</severity>
		<timestamp>Mon Dec 11 12:00:29 2023</timestamp>
		<arg name='module'>/home/sonar/IntelOneAPI/Workshops_SS_as_Trainer/202309_VSC_Vienna_online/day2/1445-1600-LAB4-vtune/05_Intel_Advisor/matrix_multiply_advisor/adv/e000/hs002/data.0/../archive/binaries/75d0ce5fd3762a6e/75d0ce5fd3762a6e</arg>
		<arg name='basement'>0x1507c8833000</arg>
		<arg name='ceiling'>0x1507c8835d1d</arg>
		<arg name='symtab'>yes</arg>
	</msg>
	<!-- Instrumenting image: id = 41, name = /home/sonar/IntelOneAPI/Workshops_SS_as_Trainer/202309_VSC_Vienna_online/day2/1445-1600-LAB4-vtune/05_Intel_Advisor/matrix_multiply_advisor/adv/e000/hs002/data.0/../archive/binaries/75d0ce5fd3762a6e/75d0ce5fd3762a6e -->
	<!-- Instrumenting loops in routine "Matrix1_1<float>" -->
	<!-- Unable to get OpenCL PCI buf info -->
	<msg id='43' display='false' source='trc'>
		<type>UNLOAD_MODULE</type>
		<severity>INFO</severity>
		<timestamp>Mon Dec 11 12:00:29 2023</timestamp>
		<arg name='module'>75d0ce5fd3762a6e</arg>
	</msg>
	<msg id='44' display='false' source='trc'>
		<type>UNLOAD_MODULE</type>
		<severity>INFO</severity>
		<timestamp>Mon Dec 11 12:00:30 2023</timestamp>
		<arg name='module'>/home/sonar/intel/oneapi/advisor/2024.0/lib64/libpinjitprofiling.so</arg>
	</msg>
	<msg id='45' display='false' source='trc'>
		<type>UNLOAD_MODULE</type>
		<severity>INFO</severity>
		<timestamp>Mon Dec 11 12:00:30 2023</timestamp>
		<arg name='module'>/home/sonar/IntelOneAPI/Workshops_SS_as_Trainer/202309_VSC_Vienna_online/day2/1445-1600-LAB4-vtune/05_Intel_Advisor/matrix_multiply_advisor/matrix.dpcpp</arg>
	</msg>
	<msg id='46' display='false' source='trc'>
		<type>UNLOAD_MODULE</type>
		<severity>INFO</severity>
		<timestamp>Mon Dec 11 12:00:30 2023</timestamp>
		<arg name='module'>/lib64/ld-linux-x86-64.so.2</arg>
	</msg>
	<msg id='47' display='false' source='trc'>
		<type>UNLOAD_MODULE</type>
		<severity>INFO</severity>
		<timestamp>Mon Dec 11 12:00:30 2023</timestamp>
		<arg name='module'>[vdso]</arg>
	</msg>
	<msg id='48' display='false' source='trc'>
		<type>UNLOAD_MODULE</type>
		<severity>INFO</severity>
		<timestamp>Mon Dec 11 12:00:30 2023</timestamp>
		<arg name='module'>/lib/x86_64-linux-gnu/libstdc++.so.6</arg>
	</msg>
	<msg id='49' display='false' source='trc'>
		<type>UNLOAD_MODULE</type>
		<severity>INFO</severity>
		<timestamp>Mon Dec 11 12:00:30 2023</timestamp>
		<arg name='module'>/lib/x86_64-linux-gnu/libm.so.6</arg>
	</msg>
	<msg id='50' display='false' source='trc'>
		<type>UNLOAD_MODULE</type>
		<severity>INFO</severity>
		<timestamp>Mon Dec 11 12:00:30 2023</timestamp>
		<arg name='module'>/lib/x86_64-linux-gnu/libgcc_s.so.1</arg>
	</msg>
	<msg id='51' display='false' source='trc'>
		<type>UNLOAD_MODULE</type>
		<severity>INFO</severity>
		<timestamp>Mon Dec 11 12:00:30 2023</timestamp>
		<arg name='module'>/home/sonar/intel/oneapi/compiler/2024.0/lib/libsycl.so.7</arg>
	</msg>
	<msg id='52' display='false' source='trc'>
		<type>UNLOAD_MODULE</type>
		<severity>INFO</severity>
		<timestamp>Mon Dec 11 12:00:30 2023</timestamp>
		<arg name='module'>/lib/x86_64-linux-gnu/libc.so.6</arg>
	</msg>
	<msg id='53' display='false' source='trc'>
		<type>UNLOAD_MODULE</type>
		<severity>INFO</severity>
		<timestamp>Mon Dec 11 12:00:30 2023</timestamp>
		<arg name='module'>/lib/x86_64-linux-gnu/libdl.so.2</arg>
	</msg>
	<msg id='54' display='false' source='trc'>
		<type>UNLOAD_MODULE</type>
		<severity>INFO</severity>
		<timestamp>Mon Dec 11 12:00:30 2023</timestamp>
		<arg name='module'>/lib/x86_64-linux-gnu/libpthread.so.0</arg>
	</msg>
	<msg id='55' display='false' source='trc'>
		<type>UNLOAD_MODULE</type>
		<severity>INFO</severity>
		<timestamp>Mon Dec 11 12:00:30 2023</timestamp>
		<arg name='module'>/home/sonar/intel/oneapi/compiler/2024.0/lib/libpi_opencl.so</arg>
	</msg>
	<msg id='56' display='false' source='trc'>
		<type>UNLOAD_MODULE</type>
		<severity>INFO</severity>
		<timestamp>Mon Dec 11 12:00:30 2023</timestamp>
		<arg name='module'>/home/sonar/intel/oneapi/compiler/2024.0/opt/oclfpga/host/linux64/lib/libOpenCL.so.1</arg>
	</msg>
	<msg id='57' display='false' source='trc'>
		<type>UNLOAD_MODULE</type>
		<severity>INFO</severity>
		<timestamp>Mon Dec 11 12:00:30 2023</timestamp>
		<arg name='module'>/home/sonar/intel/oneapi/compiler/2024.0/lib/libsvml.so</arg>
	</msg>
	<msg id='58' display='false' source='trc'>
		<type>UNLOAD_MODULE</type>
		<severity>INFO</severity>
		<timestamp>Mon Dec 11 12:00:30 2023</timestamp>
		<arg name='module'>/home/sonar/intel/oneapi/compiler/2024.0/lib/libirng.so</arg>
	</msg>
	<msg id='59' display='false' source='trc'>
		<type>UNLOAD_MODULE</type>
		<severity>INFO</severity>
		<timestamp>Mon Dec 11 12:00:30 2023</timestamp>
		<arg name='module'>/home/sonar/intel/oneapi/compiler/2024.0/lib/libimf.so</arg>
	</msg>
	<msg id='60' display='false' source='trc'>
		<type>UNLOAD_MODULE</type>
		<severity>INFO</severity>
		<timestamp>Mon Dec 11 12:00:30 2023</timestamp>
		<arg name='module'>/home/sonar/intel/oneapi/compiler/2024.0/lib/libintlc.so.5</arg>
	</msg>
	<msg id='61' display='false' source='trc'>
		<type>UNLOAD_MODULE</type>
		<severity>INFO</severity>
		<timestamp>Mon Dec 11 12:00:30 2023</timestamp>
		<arg name='module'>/home/sonar/intel/oneapi/compiler/2024.0/lib/libpi_cuda.so</arg>
	</msg>
	<msg id='62' display='false' source='trc'>
		<type>UNLOAD_MODULE</type>
		<severity>INFO</severity>
		<timestamp>Mon Dec 11 12:00:30 2023</timestamp>
		<arg name='module'>/lib/x86_64-linux-gnu/libcuda.so.1</arg>
	</msg>
	<msg id='63' display='false' source='trc'>
		<type>UNLOAD_MODULE</type>
		<severity>INFO</severity>
		<timestamp>Mon Dec 11 12:00:30 2023</timestamp>
		<arg name='module'>/lib/x86_64-linux-gnu/librt.so.1</arg>
	</msg>
	<msg id='64' display='false' source='trc'>
		<type>UNLOAD_MODULE</type>
		<severity>INFO</severity>
		<timestamp>Mon Dec 11 12:00:30 2023</timestamp>
		<arg name='module'>/home/sonar/intel/oneapi/compiler/2024.0/lib/libpi_unified_runtime.so</arg>
	</msg>
	<msg id='65' display='false' source='trc'>
		<type>UNLOAD_MODULE</type>
		<severity>INFO</severity>
		<timestamp>Mon Dec 11 12:00:30 2023</timestamp>
		<arg name='module'>/home/sonar/intel/oneapi/compiler/2024.0/lib/libur_loader.so.0</arg>
	</msg>
	<msg id='66' display='false' source='trc'>
		<type>UNLOAD_MODULE</type>
		<severity>INFO</severity>
		<timestamp>Mon Dec 11 12:00:30 2023</timestamp>
		<arg name='module'>/home/sonar/intel/oneapi/compiler/2024.0/lib/libintelocl.so</arg>
	</msg>
	<msg id='67' display='false' source='trc'>
		<type>UNLOAD_MODULE</type>
		<severity>INFO</severity>
		<timestamp>Mon Dec 11 12:00:30 2023</timestamp>
		<arg name='module'>/home/sonar/intel/oneapi/compiler/2024.0/lib/libcommon_clang.so.2023.16.10.0</arg>
	</msg>
	<msg id='68' display='false' source='trc'>
		<type>UNLOAD_MODULE</type>
		<severity>INFO</severity>
		<timestamp>Mon Dec 11 12:00:31 2023</timestamp>
		<arg name='module'>/home/sonar/intel/oneapi/tbb/2021.11/env/../lib/intel64/gcc4.8/libtbb.so.12</arg>
	</msg>
	<msg id='69' display='false' source='trc'>
		<type>UNLOAD_MODULE</type>
		<severity>INFO</severity>
		<timestamp>Mon Dec 11 12:00:31 2023</timestamp>
		<arg name='module'>/home/sonar/intel/oneapi/compiler/2024.0/lib/libonnxruntime.1.12.22.721.so</arg>
	</msg>
	<msg id='70' display='false' source='trc'>
		<type>UNLOAD_MODULE</type>
		<severity>INFO</severity>
		<timestamp>Mon Dec 11 12:00:31 2023</timestamp>
		<arg name='module'>/lib/x86_64-linux-gnu/libz.so.1</arg>
	</msg>
	<msg id='71' display='false' source='trc'>
		<type>UNLOAD_MODULE</type>
		<severity>INFO</severity>
		<timestamp>Mon Dec 11 12:00:31 2023</timestamp>
		<arg name='module'>/lib/x86_64-linux-gnu/libxml2.so.2</arg>
	</msg>
	<msg id='72' display='false' source='trc'>
		<type>UNLOAD_MODULE</type>
		<severity>INFO</severity>
		<timestamp>Mon Dec 11 12:00:31 2023</timestamp>
		<arg name='module'>/lib/x86_64-linux-gnu/libicuuc.so.70</arg>
	</msg>
	<msg id='73' display='false' source='trc'>
		<type>UNLOAD_MODULE</type>
		<severity>INFO</severity>
		<timestamp>Mon Dec 11 12:00:31 2023</timestamp>
		<arg name='module'>/lib/x86_64-linux-gnu/liblzma.so.5</arg>
	</msg>
	<msg id='74' display='false' source='trc'>
		<type>UNLOAD_MODULE</type>
		<severity>INFO</severity>
		<timestamp>Mon Dec 11 12:00:31 2023</timestamp>
		<arg name='module'>/lib/x86_64-linux-gnu/libicudata.so.70</arg>
	</msg>
	<msg id='75' display='false' source='trc'>
		<type>UNLOAD_MODULE</type>
		<severity>INFO</severity>
		<timestamp>Mon Dec 11 12:00:31 2023</timestamp>
		<arg name='module'>/home/sonar/intel/oneapi/tbb/2021.11/env/../lib/intel64/gcc4.8/libtcm.so.1</arg>
	</msg>
	<msg id='76' display='false' source='trc'>
		<type>UNLOAD_MODULE</type>
		<severity>INFO</severity>
		<timestamp>Mon Dec 11 12:00:31 2023</timestamp>
		<arg name='module'>/home/sonar/intel/oneapi/tbb/2021.11/env/../lib/intel64/gcc4.8/libhwloc.so.15</arg>
	</msg>
	<msg id='77' display='false' source='trc'>
		<type>UNLOAD_MODULE</type>
		<severity>INFO</severity>
		<timestamp>Mon Dec 11 12:00:31 2023</timestamp>
		<arg name='module'>/home/sonar/intel/oneapi/intelpython/latest/lib/libintelocl_emu.so</arg>
	</msg>
	<msg id='78' display='false' source='trc'>
		<type>UNLOAD_MODULE</type>
		<severity>INFO</severity>
		<timestamp>Mon Dec 11 12:00:31 2023</timestamp>
		<arg name='module'>/home/sonar/intel/oneapi/tbb/2021.11/env/../lib/intel64/gcc4.8/libtbbmalloc.so.2</arg>
	</msg>
	<msg id='79' display='false' source='trc'>
		<type>UNLOAD_MODULE</type>
		<severity>INFO</severity>
		<timestamp>Mon Dec 11 12:00:31 2023</timestamp>
		<arg name='module'>/home/sonar/intel/oneapi/intelpython/latest/lib/libintelocl.so</arg>
	</msg>
	<msg id='80' display='false' source='trc'>
		<type>UNLOAD_MODULE</type>
		<severity>INFO</severity>
		<timestamp>Mon Dec 11 12:00:31 2023</timestamp>
		<arg name='module'>/home/sonar/intel/oneapi/advisor/2024.0/lib64/runtime/libittnotify.so</arg>
	</msg>
	<msg id='81' display='false' source='trc'>
		<type>UNLOAD_MODULE</type>
		<severity>INFO</severity>
		<timestamp>Mon Dec 11 12:00:31 2023</timestamp>
		<arg name='module'>/home/sonar/intel/oneapi/compiler/2024.0/lib/__ocl_svml_z0.so</arg>
	</msg>
	<msg id='82' display='false' source='trc'>
		<type>UNLOAD_MODULE</type>
		<severity>INFO</severity>
		<timestamp>Mon Dec 11 12:00:31 2023</timestamp>
		<arg name='module'>DynamicCodeBin</arg>
	</msg>
	<msg id='83' display='false' source='trc'>
		<type>UNLOAD_MODULE</type>
		<severity>INFO</severity>
		<timestamp>Mon Dec 11 12:00:31 2023</timestamp>
		<arg name='module'>66df86178dd603ed</arg>
	</msg>
	<msg id='84' display='false' source='trc'>
		<type>PROCESS_FINISH</type>
		<severity>INFO</severity>
		<timestamp>Mon Dec 11 12:00:31 2023</timestamp>
		<arg name='process'>/home/sonar/IntelOneAPI/Workshops_SS_as_Trainer/202309_VSC_Vienna_online/day2/1445-1600-LAB4-vtune/05_Intel_Advisor/matrix_multiply_advisor/matrix.dpcpp</arg>
		<arg name='pid'>25045</arg>
		<arg name='exitcode'>0x0</arg>
	</msg>
	<!-- Application exited with code 0 -->
</log>